;  LST file generated by mikroListExporter - v.2.0 
; Date/Time: 12/12/2018 8:35:16 PM
;----------------------------------------------

;Address Opcode 	ASM
0x0000	0x284A      	GOTO       74
_interrupt:
0x0004	0x00FF      	MOVWF      R15
0x0005	0x0E03      	SWAPF      STATUS, 0
0x0006	0x0183      	CLRF       STATUS
0x0007	0x00A5      	MOVWF      ___saveSTATUS
0x0008	0x080A      	MOVF       PCLATH, 0
0x0009	0x00A4      	MOVWF      ___savePCLATH
0x000A	0x018A      	CLRF       PCLATH
;InterruptsDemo.c,4 :: 		void interrupt(){
;InterruptsDemo.c,5 :: 		if (INTF_bit==1){   //Dokolku RB0==1
0x000B	0x1C8B      	BTFSS      INTF_bit, BitPos(INTF_bit+0)
0x000C	0x280F      	GOTO       L_interrupt0
;InterruptsDemo.c,6 :: 		ifinterupt++;
0x000D	0x0AA0      	INCF       _ifinterupt, 1
;InterruptsDemo.c,7 :: 		INTF_bit = 0;
0x000E	0x108B      	BCF        INTF_bit, BitPos(INTF_bit+0)
;InterruptsDemo.c,8 :: 		}
L_interrupt0:
;InterruptsDemo.c,9 :: 		}
L_end_interrupt:
L__interrupt6:
0x000F	0x0824      	MOVF       ___savePCLATH, 0
0x0010	0x008A      	MOVWF      PCLATH
0x0011	0x0E25      	SWAPF      ___saveSTATUS, 0
0x0012	0x0083      	MOVWF      STATUS
0x0013	0x0EFF      	SWAPF      R15, 1
0x0014	0x0E7F      	SWAPF      R15, 0
0x0015	0x0009      	RETFIE
; end of _interrupt
_____DoICP:
;__Lib_System.c,6 :: 		
;__Lib_System.c,9 :: 		
0x0016	0x1283      	BCF        STATUS, 5
0x0017	0x1303      	BCF        STATUS, 6
0x0018	0x0823      	MOVF       ___DoICPAddr+1, 0
0x0019	0x008A      	MOVWF      PCLATH
;__Lib_System.c,10 :: 		
0x001A	0x0822      	MOVF       ___DoICPAddr, 0
0x001B	0x0082      	MOVWF      PCL
;__Lib_System.c,12 :: 		
L_end_____DoICP:
0x001C	0x0008      	RETURN
; end of _____DoICP
___CC2DW:
;__Lib_System.c,134 :: 		
;__Lib_System.c,137 :: 		
_CC2D_Loop1:
;__Lib_System.c,139 :: 		
0x001D	0x2016      	CALL       _____DoICP
0x001E	0x118A      	BCF        PCLATH, 3
0x001F	0x120A      	BCF        PCLATH, 4
;__Lib_System.c,141 :: 		
0x0020	0x0080      	MOVWF      INDF
;__Lib_System.c,142 :: 		
0x0021	0x0A84      	INCF       FSR, 1
;__Lib_System.c,143 :: 		
0x0022	0x0AA2      	INCF       ___DoICPAddr, 1
;__Lib_System.c,145 :: 		
0x0023	0x1903      	BTFSC      STATUS, 2
;__Lib_System.c,146 :: 		
0x0024	0x0AA3      	INCF       ___DoICPAddr+1, 1
;__Lib_System.c,147 :: 		
0x0025	0x03F0      	DECF       R0, 1
;__Lib_System.c,149 :: 		
0x0026	0x1D03      	BTFSS      STATUS, 2
;__Lib_System.c,150 :: 		
0x0027	0x281D      	GOTO       _CC2D_Loop1
;__Lib_System.c,152 :: 		
L_end___CC2DW:
0x0028	0x0008      	RETURN
; end of ___CC2DW
_EEPROM_Write:
;__Lib_EEPROM.c,16 :: 		
;__Lib_EEPROM.c,20 :: 		
L_EEPROM_Write0:
0x0029	0x1683      	BSF        STATUS, 5
0x002A	0x1703      	BSF        STATUS, 6
0x002B	0x1C8C      	BTFSS      EECON1, 1
0x002C	0x282F      	GOTO       L_EEPROM_Write1
0x002D	0x0000      	NOP
0x002E	0x2829      	GOTO       L_EEPROM_Write0
L_EEPROM_Write1:
;__Lib_EEPROM.c,21 :: 		
0x002F	0x1283      	BCF        STATUS, 5
0x0030	0x1303      	BCF        STATUS, 6
0x0031	0x0826      	MOVF       FARG_EEPROM_Write_Address, 0
0x0032	0x1703      	BSF        STATUS, 6
0x0033	0x008D      	MOVWF      EEADR
;__Lib_EEPROM.c,22 :: 		
0x0034	0x1303      	BCF        STATUS, 6
0x0035	0x0827      	MOVF       FARG_EEPROM_Write_data_, 0
0x0036	0x1703      	BSF        STATUS, 6
0x0037	0x008C      	MOVWF      EEDATA
;__Lib_EEPROM.c,23 :: 		
0x0038	0x1683      	BSF        STATUS, 5
0x0039	0x138C      	BCF        EECON1, 7
;__Lib_EEPROM.c,24 :: 		
0x003A	0x150C      	BSF        EECON1, 2
;__Lib_EEPROM.c,26 :: 		
0x003B	0x080B      	MOVF       INTCON, 0
0x003C	0x00F0      	MOVWF      R0
;__Lib_EEPROM.c,29 :: 		
0x003D	0x138B      	BCF        INTCON, 7
;__Lib_EEPROM.c,30 :: 		
0x003E	0x3055      	MOVLW      85
0x003F	0x008D      	MOVWF      EECON2
;__Lib_EEPROM.c,31 :: 		
0x0040	0x30AA      	MOVLW      170
0x0041	0x008D      	MOVWF      EECON2
;__Lib_EEPROM.c,32 :: 		
0x0042	0x148C      	BSF        EECON1, 1
;__Lib_EEPROM.c,36 :: 		
0x0043	0x1BF0      	BTFSC      R0, 7
0x0044	0x2847      	GOTO       L__EEPROM_Write4
0x0045	0x138B      	BCF        INTCON, 7
0x0046	0x2848      	GOTO       L__EEPROM_Write5
L__EEPROM_Write4:
0x0047	0x178B      	BSF        INTCON, 7
L__EEPROM_Write5:
;__Lib_EEPROM.c,37 :: 		
0x0048	0x110C      	BCF        EECON1, 2
;__Lib_EEPROM.c,38 :: 		
L_end_EEPROM_Write:
0x0049	0x0008      	RETURN
; end of _EEPROM_Write
_main:
0x004A	0x1283      	BCF        STATUS, 5
0x004B	0x1303      	BCF        STATUS, 6
0x004C	0x01A0      	CLRF       _ifinterupt
0x004D	0x01A1      	CLRF       _znak
;InterruptsDemo.c,10 :: 		int main(){
;InterruptsDemo.c,11 :: 		ANSEL=0;
0x004E	0x1683      	BSF        STATUS, 5
0x004F	0x1703      	BSF        STATUS, 6
0x0050	0x0188      	CLRF       ANSEL
;InterruptsDemo.c,12 :: 		ANSELH=0;                 //Postavi analogno
0x0051	0x0189      	CLRF       ANSELH
;InterruptsDemo.c,14 :: 		PORTB=0x00;
0x0052	0x1283      	BCF        STATUS, 5
0x0053	0x1303      	BCF        STATUS, 6
0x0054	0x0186      	CLRF       PORTB
;InterruptsDemo.c,15 :: 		TRISB=0x01;       //Postavi go RB0 na vlezen pin
0x0055	0x3001      	MOVLW      1
0x0056	0x1683      	BSF        STATUS, 5
0x0057	0x0086      	MOVWF      TRISB
;InterruptsDemo.c,16 :: 		INTCON=0x90;       //Setiraj register za ovozmozuvanje na prekin od RB0
0x0058	0x3090      	MOVLW      144
0x0059	0x008B      	MOVWF      INTCON
;InterruptsDemo.c,18 :: 		while(ifinterupt==0){
L_main1:
0x005A	0x1283      	BCF        STATUS, 5
0x005B	0x0820      	MOVF       _ifinterupt, 0
0x005C	0x3A00      	XORLW      0
0x005D	0x1D03      	BTFSS      STATUS, 2
0x005E	0x2860      	GOTO       L_main2
;InterruptsDemo.c,19 :: 		}
0x005F	0x285A      	GOTO       L_main1
L_main2:
;InterruptsDemo.c,20 :: 		EEPROM_Write(0x00,'a');
0x0060	0x01A6      	CLRF       FARG_EEPROM_Write_Address
0x0061	0x3061      	MOVLW      97
0x0062	0x00A7      	MOVWF      FARG_EEPROM_Write_data_
0x0063	0x2029      	CALL       _EEPROM_Write
;InterruptsDemo.c,21 :: 		while(ifinterupt==1){
L_main3:
0x0064	0x1283      	BCF        STATUS, 5
0x0065	0x1303      	BCF        STATUS, 6
0x0066	0x0820      	MOVF       _ifinterupt, 0
0x0067	0x3A01      	XORLW      1
0x0068	0x1D03      	BTFSS      STATUS, 2
0x0069	0x286B      	GOTO       L_main4
;InterruptsDemo.c,22 :: 		}
0x006A	0x2864      	GOTO       L_main3
L_main4:
;InterruptsDemo.c,23 :: 		znak='b';
0x006B	0x3062      	MOVLW      98
0x006C	0x00A1      	MOVWF      _znak
;InterruptsDemo.c,24 :: 		return 0;
0x006D	0x01F0      	CLRF       R0
0x006E	0x01F1      	CLRF       R0+1
;InterruptsDemo.c,25 :: 		}
L_end_main:
0x006F	0x286F      	GOTO       $+0
; end of _main
Symbol List:
//** Routines locations **
//ADDRESS    SIZE    PROCEDURE
//----------------------------------------------
0x0004      [18]    _interrupt
0x0016       [7]    _____DoICP
0x001D      [12]    ___CC2DW
0x0029      [33]    _EEPROM_Write
0x004A      [38]    _main
//** Variables locations ** 
//ADDRESS    SIZE    VARIABLE
//----------------------------------------------
0x0000       [1]    INDF
0x0002       [1]    PCL
0x0003       [1]    STATUS
0x0004       [1]    FSR
0x0006       [1]    PORTB
0x000A       [1]    PCLATH
0x000B       [0]    INTF_bit
0x000B       [1]    INTCON
0x0020       [1]    _ifinterupt
0x0021       [1]    _znak
0x0022       [2]    ___DoICPAddr
0x0024       [1]    ___savePCLATH
0x0025       [1]    ___saveSTATUS
0x0026       [1]    FARG_EEPROM_Write_Address
0x0027       [1]    FARG_EEPROM_Write_data_
0x0070       [1]    R0
0x0071       [1]    R1
0x0072       [1]    R2
0x0073       [1]    R3
0x0074       [1]    R4
0x0075       [1]    R5
0x0076       [1]    R6
0x0077       [1]    R7
0x0078       [1]    R8
0x0079       [1]    R9
0x007A       [1]    R10
0x007B       [1]    R11
0x007C       [1]    R12
0x007D       [1]    R13
0x007E       [1]    R14
0x007F       [1]    R15
0x0086       [1]    TRISB
0x010C       [1]    EEDATA
0x010D       [1]    EEADR
0x0188       [1]    ANSEL
0x0189       [1]    ANSELH
0x018C       [1]    EECON1
0x018D       [1]    EECON2
