;  LST file generated by mikroListExporter - v.2.0 
; Date/Time: 12/7/2018 6:39:07 PM
;----------------------------------------------

;Address Opcode 	ASM
0x0000	0x2843      	GOTO       67
_____DoICP:
;__Lib_System.c,6 :: 		
;__Lib_System.c,9 :: 		
0x0003	0x1283      	BCF        STATUS, 5
0x0004	0x1303      	BCF        STATUS, 6
0x0005	0x0855      	MOVF       ___DoICPAddr+1, 0
0x0006	0x008A      	MOVWF      PCLATH
;__Lib_System.c,10 :: 		
0x0007	0x0854      	MOVF       ___DoICPAddr, 0
0x0008	0x0082      	MOVWF      PCL
;__Lib_System.c,12 :: 		
L_end_____DoICP:
0x0009	0x0008      	RETURN
; end of _____DoICP
___CC2DW:
;__Lib_System.c,134 :: 		
;__Lib_System.c,137 :: 		
_CC2D_Loop1:
;__Lib_System.c,139 :: 		
0x000A	0x2003      	CALL       _____DoICP
0x000B	0x118A      	BCF        PCLATH, 3
0x000C	0x120A      	BCF        PCLATH, 4
;__Lib_System.c,141 :: 		
0x000D	0x0080      	MOVWF      INDF
;__Lib_System.c,142 :: 		
0x000E	0x0A84      	INCF       FSR, 1
;__Lib_System.c,143 :: 		
0x000F	0x0AD4      	INCF       ___DoICPAddr, 1
;__Lib_System.c,145 :: 		
0x0010	0x1903      	BTFSC      STATUS, 2
;__Lib_System.c,146 :: 		
0x0011	0x0AD5      	INCF       ___DoICPAddr+1, 1
;__Lib_System.c,147 :: 		
0x0012	0x03F0      	DECF       R0, 1
;__Lib_System.c,149 :: 		
0x0013	0x1D03      	BTFSS      STATUS, 2
;__Lib_System.c,150 :: 		
0x0014	0x280A      	GOTO       _CC2D_Loop1
;__Lib_System.c,152 :: 		
L_end___CC2DW:
0x0015	0x0008      	RETURN
; end of ___CC2DW
_EEPROM_Read:
;__Lib_EEPROM.c,4 :: 		
;__Lib_EEPROM.c,5 :: 		
0x0016	0x1283      	BCF        STATUS, 5
0x0017	0x1303      	BCF        STATUS, 6
0x0018	0x085A      	MOVF       FARG_EEPROM_Read_Address, 0
0x0019	0x1703      	BSF        STATUS, 6
0x001A	0x008D      	MOVWF      EEADR
;__Lib_EEPROM.c,6 :: 		
0x001B	0x1683      	BSF        STATUS, 5
0x001C	0x138C      	BCF        EECON1, 7
;__Lib_EEPROM.c,12 :: 		
0x001D	0x140C      	BSF        EECON1, 0
;__Lib_EEPROM.c,13 :: 		
0x001E	0x1283      	BCF        STATUS, 5
0x001F	0x080C      	MOVF       EEDATA, 0
0x0020	0x00F0      	MOVWF      R0
;__Lib_EEPROM.c,14 :: 		
L_end_EEPROM_Read:
0x0021	0x0008      	RETURN
; end of _EEPROM_Read
_EEPROM_Write:
;__Lib_EEPROM.c,16 :: 		
;__Lib_EEPROM.c,20 :: 		
L_EEPROM_Write0:
0x0022	0x1683      	BSF        STATUS, 5
0x0023	0x1703      	BSF        STATUS, 6
0x0024	0x1C8C      	BTFSS      EECON1, 1
0x0025	0x2828      	GOTO       L_EEPROM_Write1
0x0026	0x0000      	NOP
0x0027	0x2822      	GOTO       L_EEPROM_Write0
L_EEPROM_Write1:
;__Lib_EEPROM.c,21 :: 		
0x0028	0x1283      	BCF        STATUS, 5
0x0029	0x1303      	BCF        STATUS, 6
0x002A	0x085A      	MOVF       FARG_EEPROM_Write_Address, 0
0x002B	0x1703      	BSF        STATUS, 6
0x002C	0x008D      	MOVWF      EEADR
;__Lib_EEPROM.c,22 :: 		
0x002D	0x1303      	BCF        STATUS, 6
0x002E	0x085B      	MOVF       FARG_EEPROM_Write_data_, 0
0x002F	0x1703      	BSF        STATUS, 6
0x0030	0x008C      	MOVWF      EEDATA
;__Lib_EEPROM.c,23 :: 		
0x0031	0x1683      	BSF        STATUS, 5
0x0032	0x138C      	BCF        EECON1, 7
;__Lib_EEPROM.c,24 :: 		
0x0033	0x150C      	BSF        EECON1, 2
;__Lib_EEPROM.c,26 :: 		
0x0034	0x080B      	MOVF       INTCON, 0
0x0035	0x00F0      	MOVWF      R0
;__Lib_EEPROM.c,29 :: 		
0x0036	0x138B      	BCF        INTCON, 7
;__Lib_EEPROM.c,30 :: 		
0x0037	0x3055      	MOVLW      85
0x0038	0x008D      	MOVWF      EECON2
;__Lib_EEPROM.c,31 :: 		
0x0039	0x30AA      	MOVLW      170
0x003A	0x008D      	MOVWF      EECON2
;__Lib_EEPROM.c,32 :: 		
0x003B	0x148C      	BSF        EECON1, 1
;__Lib_EEPROM.c,36 :: 		
0x003C	0x1BF0      	BTFSC      R0, 7
0x003D	0x2840      	GOTO       L__EEPROM_Write4
0x003E	0x138B      	BCF        INTCON, 7
0x003F	0x2841      	GOTO       L__EEPROM_Write5
L__EEPROM_Write4:
0x0040	0x178B      	BSF        INTCON, 7
L__EEPROM_Write5:
;__Lib_EEPROM.c,37 :: 		
0x0041	0x110C      	BCF        EECON1, 2
;__Lib_EEPROM.c,38 :: 		
L_end_EEPROM_Write:
0x0042	0x0008      	RETURN
; end of _EEPROM_Write
_main:
0x0043	0x2138      	CALL       312
;Lab1.c,8 :: 		void main() {
;Lab1.c,9 :: 		TRISB = 0x00;  //output
0x0044	0x1683      	BSF        STATUS, 5
0x0045	0x1303      	BCF        STATUS, 6
0x0046	0x0186      	CLRF       TRISB
;Lab1.c,10 :: 		TRISA = 0xFF;  //input
0x0047	0x30FF      	MOVLW      255
0x0048	0x0085      	MOVWF      TRISA
;Lab1.c,12 :: 		ANSEL = 0;
0x0049	0x1703      	BSF        STATUS, 6
0x004A	0x0188      	CLRF       ANSEL
;Lab1.c,13 :: 		ANSELH = 0;
0x004B	0x0189      	CLRF       ANSELH
;Lab1.c,15 :: 		PORTB = 0;
0x004C	0x1283      	BCF        STATUS, 5
0x004D	0x1303      	BCF        STATUS, 6
0x004E	0x0186      	CLRF       PORTB
;Lab1.c,17 :: 		for(i = 0; i < 9; i ++) {
0x004F	0x01D8      	CLRF       _i
0x0050	0x01D9      	CLRF       _i+1
L_main0:
0x0051	0x3080      	MOVLW      128
0x0052	0x0659      	XORWF      _i+1, 0
0x0053	0x00F0      	MOVWF      R0
0x0054	0x3080      	MOVLW      128
0x0055	0x0270      	SUBWF      R0, 0
0x0056	0x1D03      	BTFSS      STATUS, 2
0x0057	0x285A      	GOTO       L__main14
0x0058	0x3009      	MOVLW      9
0x0059	0x0258      	SUBWF      _i, 0
L__main14:
0x005A	0x1803      	BTFSC      STATUS, 0
0x005B	0x2871      	GOTO       L_main1
;Lab1.c,18 :: 		EEPROM_Write(addresses[i], counter);
0x005C	0x0858      	MOVF       _i, 0
0x005D	0x00F0      	MOVWF      R0
0x005E	0x0859      	MOVF       _i+1, 0
0x005F	0x00F1      	MOVWF      R0+1
0x0060	0x0DF0      	RLF        R0, 1
0x0061	0x0DF1      	RLF        R0+1, 1
0x0062	0x1070      	BCF        R0, 0
0x0063	0x0870      	MOVF       R0, 0
0x0064	0x3E20      	ADDLW      _addresses
0x0065	0x0084      	MOVWF      FSR
0x0066	0x0800      	MOVF       INDF, 0
0x0067	0x00DA      	MOVWF      FARG_EEPROM_Write_Address
0x0068	0x0830      	MOVF       _counter, 0
0x0069	0x00DB      	MOVWF      FARG_EEPROM_Write_data_
0x006A	0x2022      	CALL       _EEPROM_Write
;Lab1.c,17 :: 		for(i = 0; i < 9; i ++) {
0x006B	0x1283      	BCF        STATUS, 5
0x006C	0x1303      	BCF        STATUS, 6
0x006D	0x0AD8      	INCF       _i, 1
0x006E	0x1903      	BTFSC      STATUS, 2
0x006F	0x0AD9      	INCF       _i+1, 1
;Lab1.c,19 :: 		}
0x0070	0x2851      	GOTO       L_main0
L_main1:
;Lab1.c,21 :: 		while(1){
L_main3:
0x0071	0x1303      	BCF        STATUS, 6
;Lab1.c,22 :: 		for(i = 0; i < 9; i ++) {
0x0072	0x01D8      	CLRF       _i
0x0073	0x01D9      	CLRF       _i+1
L_main5:
0x0074	0x3080      	MOVLW      128
0x0075	0x0659      	XORWF      _i+1, 0
0x0076	0x00F0      	MOVWF      R0
0x0077	0x3080      	MOVLW      128
0x0078	0x0270      	SUBWF      R0, 0
0x0079	0x1D03      	BTFSS      STATUS, 2
0x007A	0x287D      	GOTO       L__main15
0x007B	0x3009      	MOVLW      9
0x007C	0x0258      	SUBWF      _i, 0
L__main15:
0x007D	0x1803      	BTFSC      STATUS, 0
0x007E	0x28EA      	GOTO       L_main6
;Lab1.c,23 :: 		if(PORTA == values[i]){
0x007F	0x0858      	MOVF       _i, 0
0x0080	0x00F0      	MOVWF      R0
0x0081	0x0859      	MOVF       _i+1, 0
0x0082	0x00F1      	MOVWF      R0+1
0x0083	0x0DF0      	RLF        R0, 1
0x0084	0x0DF1      	RLF        R0+1, 1
0x0085	0x1070      	BCF        R0, 0
0x0086	0x0870      	MOVF       R0, 0
0x0087	0x3E44      	ADDLW      _values
0x0088	0x0084      	MOVWF      FSR
0x0089	0x0800      	MOVF       INDF, 0
0x008A	0x00F1      	MOVWF      R1
0x008B	0x0A84      	INCF       FSR, 1
0x008C	0x0800      	MOVF       INDF, 0
0x008D	0x00F2      	MOVWF      R1+1
0x008E	0x3000      	MOVLW      0
0x008F	0x0672      	XORWF      R1+1, 0
0x0090	0x1D03      	BTFSS      STATUS, 2
0x0091	0x2894      	GOTO       L__main16
0x0092	0x0871      	MOVF       R1, 0
0x0093	0x0605      	XORWF      PORTA, 0
L__main16:
0x0094	0x1D03      	BTFSS      STATUS, 2
0x0095	0x28E4      	GOTO       L_main8
;Lab1.c,24 :: 		if(flag){
0x0096	0x0842      	MOVF       _flag, 0
0x0097	0x0443      	IORWF      _flag+1, 0
0x0098	0x1903      	BTFSC      STATUS, 2
0x0099	0x28C7      	GOTO       L_main9
;Lab1.c,25 :: 		flag = 0;
0x009A	0x01C2      	CLRF       _flag
0x009B	0x01C3      	CLRF       _flag+1
;Lab1.c,26 :: 		PORTB = display[i];
0x009C	0x0858      	MOVF       _i, 0
0x009D	0x00F0      	MOVWF      R0
0x009E	0x0859      	MOVF       _i+1, 0
0x009F	0x00F1      	MOVWF      R0+1
0x00A0	0x0DF0      	RLF        R0, 1
0x00A1	0x0DF1      	RLF        R0+1, 1
0x00A2	0x1070      	BCF        R0, 0
0x00A3	0x0870      	MOVF       R0, 0
0x00A4	0x3E32      	ADDLW      _display
0x00A5	0x0084      	MOVWF      FSR
0x00A6	0x0800      	MOVF       INDF, 0
0x00A7	0x0086      	MOVWF      PORTB
;Lab1.c,27 :: 		current = values[i];   //Zacuvaj momentalna vrednost
0x00A8	0x0870      	MOVF       R0, 0
0x00A9	0x3E44      	ADDLW      _values
0x00AA	0x0084      	MOVWF      FSR
0x00AB	0x0800      	MOVF       INDF, 0
0x00AC	0x00D6      	MOVWF      _current
0x00AD	0x0A84      	INCF       FSR, 1
0x00AE	0x0800      	MOVF       INDF, 0
0x00AF	0x00D7      	MOVWF      _current+1
;Lab1.c,28 :: 		EEPROM_Write(addresses[i], EEPROM_Read(addresses[i])+1); //Zapisi vo memorija
0x00B0	0x0870      	MOVF       R0, 0
0x00B1	0x3E20      	ADDLW      _addresses
0x00B2	0x0084      	MOVWF      FSR
0x00B3	0x0800      	MOVF       INDF, 0
0x00B4	0x00DA      	MOVWF      FARG_EEPROM_Read_Address
0x00B5	0x2016      	CALL       _EEPROM_Read
0x00B6	0x0A70      	INCF       R0, 0
0x00B7	0x1303      	BCF        STATUS, 6
0x00B8	0x00DB      	MOVWF      FARG_EEPROM_Write_data_
0x00B9	0x0858      	MOVF       _i, 0
0x00BA	0x00F0      	MOVWF      R0
0x00BB	0x0859      	MOVF       _i+1, 0
0x00BC	0x00F1      	MOVWF      R0+1
0x00BD	0x0DF0      	RLF        R0, 1
0x00BE	0x0DF1      	RLF        R0+1, 1
0x00BF	0x1070      	BCF        R0, 0
0x00C0	0x0870      	MOVF       R0, 0
0x00C1	0x3E20      	ADDLW      _addresses
0x00C2	0x0084      	MOVWF      FSR
0x00C3	0x0800      	MOVF       INDF, 0
0x00C4	0x00DA      	MOVWF      FARG_EEPROM_Write_Address
0x00C5	0x2022      	CALL       _EEPROM_Write
;Lab1.c,29 :: 		}
0x00C6	0x28E4      	GOTO       L_main10
L_main9:
;Lab1.c,31 :: 		if(values[i] != current) flag = 1;
0x00C7	0x1283      	BCF        STATUS, 5
0x00C8	0x1303      	BCF        STATUS, 6
0x00C9	0x0858      	MOVF       _i, 0
0x00CA	0x00F0      	MOVWF      R0
0x00CB	0x0859      	MOVF       _i+1, 0
0x00CC	0x00F1      	MOVWF      R0+1
0x00CD	0x0DF0      	RLF        R0, 1
0x00CE	0x0DF1      	RLF        R0+1, 1
0x00CF	0x1070      	BCF        R0, 0
0x00D0	0x0870      	MOVF       R0, 0
0x00D1	0x3E44      	ADDLW      _values
0x00D2	0x0084      	MOVWF      FSR
0x00D3	0x0800      	MOVF       INDF, 0
0x00D4	0x00F1      	MOVWF      R1
0x00D5	0x0A84      	INCF       FSR, 1
0x00D6	0x0800      	MOVF       INDF, 0
0x00D7	0x00F2      	MOVWF      R1+1
0x00D8	0x0872      	MOVF       R1+1, 0
0x00D9	0x0657      	XORWF      _current+1, 0
0x00DA	0x1D03      	BTFSS      STATUS, 2
0x00DB	0x28DE      	GOTO       L__main17
0x00DC	0x0856      	MOVF       _current, 0
0x00DD	0x0671      	XORWF      R1, 0
L__main17:
0x00DE	0x1903      	BTFSC      STATUS, 2
0x00DF	0x28E4      	GOTO       L_main11
0x00E0	0x3001      	MOVLW      1
0x00E1	0x00C2      	MOVWF      _flag
0x00E2	0x3000      	MOVLW      0
0x00E3	0x00C3      	MOVWF      _flag+1
L_main11:
;Lab1.c,32 :: 		}
L_main10:
;Lab1.c,33 :: 		}
L_main8:
0x00E4	0x1283      	BCF        STATUS, 5
0x00E5	0x1303      	BCF        STATUS, 6
;Lab1.c,22 :: 		for(i = 0; i < 9; i ++) {
0x00E6	0x0AD8      	INCF       _i, 1
0x00E7	0x1903      	BTFSC      STATUS, 2
0x00E8	0x0AD9      	INCF       _i+1, 1
;Lab1.c,37 :: 		}
0x00E9	0x2874      	GOTO       L_main5
L_main6:
;Lab1.c,39 :: 		if(EEPROM_Read(addresses[0]) - 1 == 3) break; //Ignoriraj go prviot count od startuvanje na programata, zatoa -1
0x00EA	0x0820      	MOVF       _addresses, 0
0x00EB	0x00DA      	MOVWF      FARG_EEPROM_Read_Address
0x00EC	0x2016      	CALL       _EEPROM_Read
0x00ED	0x3001      	MOVLW      1
0x00EE	0x0270      	SUBWF      R0, 0
0x00EF	0x00F1      	MOVWF      R1
0x00F0	0x01F2      	CLRF       R1+1
0x00F1	0x1C03      	BTFSS      STATUS, 0
0x00F2	0x03F2      	DECF       R1+1, 1
0x00F3	0x3000      	MOVLW      0
0x00F4	0x0672      	XORWF      R1+1, 0
0x00F5	0x1D03      	BTFSS      STATUS, 2
0x00F6	0x28F9      	GOTO       L__main18
0x00F7	0x3003      	MOVLW      3
0x00F8	0x0671      	XORWF      R1, 0
L__main18:
0x00F9	0x1D03      	BTFSS      STATUS, 2
0x00FA	0x28FC      	GOTO       L_main12
0x00FB	0x28FD      	GOTO       L_main4
L_main12:
;Lab1.c,41 :: 		}
0x00FC	0x2871      	GOTO       L_main3
L_main4:
;Lab1.c,43 :: 		}
L_end_main:
0x00FD	0x28FD      	GOTO       $+0
; end of _main
0x0138	0x3020      	MOVLW      32
0x0139	0x0084      	MOVWF      FSR
0x013A	0x3034      	MOVLW      52
0x013B	0x1283      	BCF        STATUS, 5
0x013C	0x1303      	BCF        STATUS, 6
0x013D	0x00F0      	MOVWF      R0
0x013E	0x3003      	MOVLW      3
0x013F	0x00D4      	MOVWF      ___DoICPAddr
0x0140	0x3001      	MOVLW      1
0x0141	0x00D5      	MOVWF      85
0x0142	0x200A      	CALL       10
0x0143	0x0008      	RETURN
;Lab1.c,0 :: ?ICS_addresses
0x0103	0x3400 ;?ICS_addresses+0
0x0104	0x3400 ;?ICS_addresses+1
0x0105	0x3402 ;?ICS_addresses+2
0x0106	0x3400 ;?ICS_addresses+3
0x0107	0x3404 ;?ICS_addresses+4
0x0108	0x3400 ;?ICS_addresses+5
0x0109	0x3406 ;?ICS_addresses+6
0x010A	0x3400 ;?ICS_addresses+7
0x010B	0x3408 ;?ICS_addresses+8
0x010C	0x3400 ;?ICS_addresses+9
0x010D	0x3410 ;?ICS_addresses+10
0x010E	0x3400 ;?ICS_addresses+11
0x010F	0x3412 ;?ICS_addresses+12
0x0110	0x3400 ;?ICS_addresses+13
0x0111	0x3414 ;?ICS_addresses+14
0x0112	0x3400 ;?ICS_addresses+15
; end of ?ICS_addresses
;Lab1.c,0 :: ?ICS_counter
0x0113	0x3400 ;?ICS_counter+0
0x0114	0x3400 ;?ICS_counter+1
; end of ?ICS_counter
;Lab1.c,0 :: ?ICS_display
0x0115	0x3479 ;?ICS_display+0
0x0116	0x3400 ;?ICS_display+1
0x0117	0x3406 ;?ICS_display+2
0x0118	0x3400 ;?ICS_display+3
0x0119	0x345B ;?ICS_display+4
0x011A	0x3400 ;?ICS_display+5
0x011B	0x344F ;?ICS_display+6
0x011C	0x3400 ;?ICS_display+7
0x011D	0x3466 ;?ICS_display+8
0x011E	0x3400 ;?ICS_display+9
0x011F	0x346D ;?ICS_display+10
0x0120	0x3400 ;?ICS_display+11
0x0121	0x347D ;?ICS_display+12
0x0122	0x3400 ;?ICS_display+13
0x0123	0x3407 ;?ICS_display+14
0x0124	0x3400 ;?ICS_display+15
; end of ?ICS_display
;Lab1.c,0 :: ?ICS_flag
0x0125	0x3401 ;?ICS_flag+0
0x0126	0x3400 ;?ICS_flag+1
; end of ?ICS_flag
;Lab1.c,0 :: ?ICS_values
0x0127	0x3400 ;?ICS_values+0
0x0128	0x3400 ;?ICS_values+1
0x0129	0x3408 ;?ICS_values+2
0x012A	0x3400 ;?ICS_values+3
0x012B	0x3410 ;?ICS_values+4
0x012C	0x3400 ;?ICS_values+5
0x012D	0x3418 ;?ICS_values+6
0x012E	0x3400 ;?ICS_values+7
0x012F	0x3420 ;?ICS_values+8
0x0130	0x3400 ;?ICS_values+9
0x0131	0x3428 ;?ICS_values+10
0x0132	0x3400 ;?ICS_values+11
0x0133	0x3430 ;?ICS_values+12
0x0134	0x3400 ;?ICS_values+13
0x0135	0x3438 ;?ICS_values+14
0x0136	0x3400 ;?ICS_values+15
; end of ?ICS_values
Symbol List:
//** Routines locations **
//ADDRESS    SIZE    PROCEDURE
//----------------------------------------------
0x0003       [7]    _____DoICP
0x000A      [12]    ___CC2DW
0x0016      [12]    _EEPROM_Read
0x0022      [33]    _EEPROM_Write
0x0043     [186]    _main
//** Variables locations ** 
//ADDRESS    SIZE    VARIABLE
//----------------------------------------------
0x0000       [1]    INDF
0x0002       [1]    PCL
0x0003       [1]    STATUS
0x0004       [1]    FSR
0x0005       [1]    PORTA
0x0006       [1]    PORTB
0x000A       [1]    PCLATH
0x000B       [1]    INTCON
0x0020      [16]    _addresses
0x0030       [2]    _counter
0x0032      [16]    _display
0x0042       [2]    _flag
0x0044      [16]    _values
0x0054       [2]    ___DoICPAddr
0x0056       [2]    _current
0x0058       [2]    _i
0x005A       [1]    FARG_EEPROM_Write_Address
0x005A       [1]    FARG_EEPROM_Read_Address
0x005B       [1]    FARG_EEPROM_Write_data_
0x0070       [1]    R0
0x0071       [1]    R1
0x0072       [1]    R2
0x0073       [1]    R3
0x0074       [1]    R4
0x0075       [1]    R5
0x0076       [1]    R6
0x0077       [1]    R7
0x0078       [1]    R8
0x0079       [1]    R9
0x007A       [1]    R10
0x007B       [1]    R11
0x007C       [1]    R12
0x007D       [1]    R13
0x007E       [1]    R14
0x007F       [1]    R15
0x0085       [1]    TRISA
0x0086       [1]    TRISB
0x010C       [1]    EEDATA
0x010D       [1]    EEADR
0x0188       [1]    ANSEL
0x0189       [1]    ANSELH
0x018C       [1]    EECON1
0x018D       [1]    EECON2
//** Constants locations ** 
//ADDRESS    SIZE    CONSTANT
//----------------------------------------------
0x0103      [16]    ?ICS_addresses
0x0113       [2]    ?ICS_counter
0x0115      [16]    ?ICS_display
0x0125       [2]    ?ICS_flag
0x0127      [16]    ?ICS_values
