;  LST file generated by mikroListExporter - v.2.0 
; Date/Time: 12/14/2018 1:48:20 PM
;----------------------------------------------

;Address Opcode 	ASM
0x0000	0x2A51      	GOTO       593
_interrupt:
0x0004	0x00FF      	MOVWF      R15
0x0005	0x0E03      	SWAPF      STATUS, 0
0x0006	0x0183      	CLRF       STATUS
0x0007	0x00CD      	MOVWF      ___saveSTATUS
0x0008	0x080A      	MOVF       PCLATH, 0
0x0009	0x00CE      	MOVWF      ___savePCLATH
0x000A	0x018A      	CLRF       PCLATH
;Lab2.c,20 :: 		void interrupt(){
;Lab2.c,21 :: 		if(INTF_bit == 1) {
0x000B	0x1C8B      	BTFSS      INTF_bit, BitPos(INTF_bit+0)
0x000C	0x280F      	GOTO       L_interrupt0
;Lab2.c,22 :: 		ifClicked ++;
0x000D	0x0AAB      	INCF       _ifClicked, 1
;Lab2.c,23 :: 		INTF_bit = 0;
0x000E	0x108B      	BCF        INTF_bit, BitPos(INTF_bit+0)
;Lab2.c,24 :: 		}
L_interrupt0:
;Lab2.c,26 :: 		if(TMR0IF_bit){
0x000F	0x1D0B      	BTFSS      TMR0IF_bit, BitPos(TMR0IF_bit+0)
0x0010	0x2817      	GOTO       L_interrupt1
;Lab2.c,27 :: 		cnt ++;
0x0011	0x0AA9      	INCF       _cnt, 1
0x0012	0x1903      	BTFSC      STATUS, 2
0x0013	0x0AAA      	INCF       _cnt+1, 1
;Lab2.c,28 :: 		TMR0IF_bit = 0;
0x0014	0x110B      	BCF        TMR0IF_bit, BitPos(TMR0IF_bit+0)
;Lab2.c,29 :: 		TMR0 = 96;
0x0015	0x3060      	MOVLW      96
0x0016	0x0081      	MOVWF      TMR0
;Lab2.c,30 :: 		}
L_interrupt1:
;Lab2.c,36 :: 		}
L_end_interrupt:
L__interrupt13:
0x0017	0x084E      	MOVF       ___savePCLATH, 0
0x0018	0x008A      	MOVWF      PCLATH
0x0019	0x0E4D      	SWAPF      ___saveSTATUS, 0
0x001A	0x0083      	MOVWF      STATUS
0x001B	0x0EFF      	SWAPF      R15, 1
0x001C	0x0E7F      	SWAPF      R15, 0
0x001D	0x0009      	RETFIE
; end of _interrupt
_Delay_1us:
;__Lib_Delays.c,7 :: 		void Delay_1us() {
;__Lib_Delays.c,8 :: 		Delay_us(1);
0x001E	0x0000      	NOP
0x001F	0x0000      	NOP
;__Lib_Delays.c,9 :: 		}
L_end_Delay_1us:
0x0020	0x0008      	RETURN
; end of _Delay_1us
_Delay_5500us:
;__Lib_Delays.c,31 :: 		void Delay_5500us() {
;__Lib_Delays.c,32 :: 		Delay_us(5500);
0x0021	0x300F      	MOVLW      15
0x0022	0x1283      	BCF        STATUS, 5
0x0023	0x1303      	BCF        STATUS, 6
0x0024	0x00FC      	MOVWF      R12
0x0025	0x3047      	MOVLW      71
0x0026	0x00FD      	MOVWF      R13
L_Delay_5500us5:
0x0027	0x0BFD      	DECFSZ     R13, 1
0x0028	0x2827      	GOTO       L_Delay_5500us5
0x0029	0x0BFC      	DECFSZ     R12, 1
0x002A	0x2827      	GOTO       L_Delay_5500us5
0x002B	0x0000      	NOP
0x002C	0x0000      	NOP
;__Lib_Delays.c,33 :: 		}
L_end_Delay_5500us:
0x002D	0x0008      	RETURN
; end of _Delay_5500us
_Delay_50us:
;__Lib_Delays.c,19 :: 		void Delay_50us() {
;__Lib_Delays.c,20 :: 		Delay_us(50);
0x002E	0x3021      	MOVLW      33
0x002F	0x1283      	BCF        STATUS, 5
0x0030	0x1303      	BCF        STATUS, 6
0x0031	0x00FD      	MOVWF      R13
L_Delay_50us2:
0x0032	0x0BFD      	DECFSZ     R13, 1
0x0033	0x2832      	GOTO       L_Delay_50us2
;__Lib_Delays.c,21 :: 		}
L_end_Delay_50us:
0x0034	0x0008      	RETURN
; end of _Delay_50us
_Lcd_Cmd:
;__Lib_Lcd.c,18 :: 		
;__Lib_Lcd.c,20 :: 		
0x0035	0x1283      	BCF        STATUS, 5
0x0036	0x1303      	BCF        STATUS, 6
0x0037	0x1BDD      	BTFSC      FARG_Lcd_Cmd_out_char, 7
0x0038	0x283B      	GOTO       L__Lcd_Cmd21
0x0039	0x1185      	BCF        LCD_D7, BitPos(LCD_D7+0)
0x003A	0x283C      	GOTO       L__Lcd_Cmd22
L__Lcd_Cmd21:
0x003B	0x1585      	BSF        LCD_D7, BitPos(LCD_D7+0)
L__Lcd_Cmd22:
;__Lib_Lcd.c,21 :: 		
0x003C	0x1B5D      	BTFSC      FARG_Lcd_Cmd_out_char, 6
0x003D	0x2840      	GOTO       L__Lcd_Cmd23
0x003E	0x1105      	BCF        LCD_D6, BitPos(LCD_D6+0)
0x003F	0x2841      	GOTO       L__Lcd_Cmd24
L__Lcd_Cmd23:
0x0040	0x1505      	BSF        LCD_D6, BitPos(LCD_D6+0)
L__Lcd_Cmd24:
;__Lib_Lcd.c,22 :: 		
0x0041	0x1ADD      	BTFSC      FARG_Lcd_Cmd_out_char, 5
0x0042	0x2845      	GOTO       L__Lcd_Cmd25
0x0043	0x1085      	BCF        LCD_D5, BitPos(LCD_D5+0)
0x0044	0x2846      	GOTO       L__Lcd_Cmd26
L__Lcd_Cmd25:
0x0045	0x1485      	BSF        LCD_D5, BitPos(LCD_D5+0)
L__Lcd_Cmd26:
;__Lib_Lcd.c,23 :: 		
0x0046	0x1A5D      	BTFSC      FARG_Lcd_Cmd_out_char, 4
0x0047	0x284A      	GOTO       L__Lcd_Cmd27
0x0048	0x1005      	BCF        LCD_D4, BitPos(LCD_D4+0)
0x0049	0x284B      	GOTO       L__Lcd_Cmd28
L__Lcd_Cmd27:
0x004A	0x1405      	BSF        LCD_D4, BitPos(LCD_D4+0)
L__Lcd_Cmd28:
;__Lib_Lcd.c,25 :: 		
0x004B	0x182C      	BTFSC      __Lib_Lcd_cmd_status, BitPos(__Lib_Lcd_cmd_status+0)
0x004C	0x284F      	GOTO       L__Lcd_Cmd29
0x004D	0x1605      	BSF        LCD_RS, BitPos(LCD_RS+0)
0x004E	0x2850      	GOTO       L__Lcd_Cmd30
L__Lcd_Cmd29:
0x004F	0x1205      	BCF        LCD_RS, BitPos(LCD_RS+0)
L__Lcd_Cmd30:
;__Lib_Lcd.c,28 :: 		
0x0050	0x1685      	BSF        LCD_EN, BitPos(LCD_EN+0)
;__Lib_Lcd.c,29 :: 		
0x0051	0x201E      	CALL       _Delay_1us
;__Lib_Lcd.c,30 :: 		
0x0052	0x1285      	BCF        LCD_EN, BitPos(LCD_EN+0)
;__Lib_Lcd.c,33 :: 		
0x0053	0x19DD      	BTFSC      FARG_Lcd_Cmd_out_char, 3
0x0054	0x2857      	GOTO       L__Lcd_Cmd31
0x0055	0x1185      	BCF        LCD_D7, BitPos(LCD_D7+0)
0x0056	0x2858      	GOTO       L__Lcd_Cmd32
L__Lcd_Cmd31:
0x0057	0x1585      	BSF        LCD_D7, BitPos(LCD_D7+0)
L__Lcd_Cmd32:
;__Lib_Lcd.c,34 :: 		
0x0058	0x195D      	BTFSC      FARG_Lcd_Cmd_out_char, 2
0x0059	0x285C      	GOTO       L__Lcd_Cmd33
0x005A	0x1105      	BCF        LCD_D6, BitPos(LCD_D6+0)
0x005B	0x285D      	GOTO       L__Lcd_Cmd34
L__Lcd_Cmd33:
0x005C	0x1505      	BSF        LCD_D6, BitPos(LCD_D6+0)
L__Lcd_Cmd34:
;__Lib_Lcd.c,35 :: 		
0x005D	0x18DD      	BTFSC      FARG_Lcd_Cmd_out_char, 1
0x005E	0x2861      	GOTO       L__Lcd_Cmd35
0x005F	0x1085      	BCF        LCD_D5, BitPos(LCD_D5+0)
0x0060	0x2862      	GOTO       L__Lcd_Cmd36
L__Lcd_Cmd35:
0x0061	0x1485      	BSF        LCD_D5, BitPos(LCD_D5+0)
L__Lcd_Cmd36:
;__Lib_Lcd.c,36 :: 		
0x0062	0x185D      	BTFSC      FARG_Lcd_Cmd_out_char, 0
0x0063	0x2866      	GOTO       L__Lcd_Cmd37
0x0064	0x1005      	BCF        LCD_D4, BitPos(LCD_D4+0)
0x0065	0x2867      	GOTO       L__Lcd_Cmd38
L__Lcd_Cmd37:
0x0066	0x1405      	BSF        LCD_D4, BitPos(LCD_D4+0)
L__Lcd_Cmd38:
;__Lib_Lcd.c,38 :: 		
0x0067	0x182C      	BTFSC      __Lib_Lcd_cmd_status, BitPos(__Lib_Lcd_cmd_status+0)
0x0068	0x286B      	GOTO       L__Lcd_Cmd39
0x0069	0x1605      	BSF        LCD_RS, BitPos(LCD_RS+0)
0x006A	0x286C      	GOTO       L__Lcd_Cmd40
L__Lcd_Cmd39:
0x006B	0x1205      	BCF        LCD_RS, BitPos(LCD_RS+0)
L__Lcd_Cmd40:
;__Lib_Lcd.c,40 :: 		
0x006C	0x1685      	BSF        LCD_EN, BitPos(LCD_EN+0)
;__Lib_Lcd.c,41 :: 		
0x006D	0x201E      	CALL       _Delay_1us
;__Lib_Lcd.c,42 :: 		
0x006E	0x1285      	BCF        LCD_EN, BitPos(LCD_EN+0)
;__Lib_Lcd.c,44 :: 		
0x006F	0x1C2C      	BTFSS      __Lib_Lcd_cmd_status, BitPos(__Lib_Lcd_cmd_status+0)
0x0070	0x2873      	GOTO       L_Lcd_Cmd0
;__Lib_Lcd.c,45 :: 		
0x0071	0x2021      	CALL       _Delay_5500us
0x0072	0x2874      	GOTO       L_Lcd_Cmd1
L_Lcd_Cmd0:
;__Lib_Lcd.c,47 :: 		
0x0073	0x202E      	CALL       _Delay_50us
L_Lcd_Cmd1:
;__Lib_Lcd.c,48 :: 		
L_end_Lcd_Cmd:
0x0074	0x0008      	RETURN
; end of _Lcd_Cmd
_Div_16X16_U:
;__Lib_Math.c,215 :: 		
;__Lib_Math.c,222 :: 		
0x0075	0x1283      	BCF        STATUS, 5
;__Lib_Math.c,223 :: 		
0x0076	0x1303      	BCF        STATUS, 6
;__Lib_Math.c,224 :: 		
0x0077	0x01F8      	CLRF       R8
;__Lib_Math.c,225 :: 		
0x0078	0x01F9      	CLRF       R9
;__Lib_Math.c,226 :: 		
0x0079	0x3010      	MOVLW      16
;__Lib_Math.c,227 :: 		
0x007A	0x00FC      	MOVWF      R12
;__Lib_Math.c,228 :: 		
0x007B	0x0D71      	RLF        R1, 0
;__Lib_Math.c,229 :: 		
0x007C	0x0DF8      	RLF        R8, 1
;__Lib_Math.c,230 :: 		
0x007D	0x0DF9      	RLF        R9, 1
;__Lib_Math.c,231 :: 		
0x007E	0x0874      	MOVF       R4, 0
;__Lib_Math.c,232 :: 		
0x007F	0x02F8      	SUBWF      R8, 1
;__Lib_Math.c,233 :: 		
0x0080	0x0875      	MOVF       R5, 0
;__Lib_Math.c,234 :: 		
0x0081	0x1C03      	BTFSS      STATUS, 0
;__Lib_Math.c,235 :: 		
0x0082	0x0F75      	INCFSZ     R5, 0
;__Lib_Math.c,236 :: 		
0x0083	0x02F9      	SUBWF      R9, 1
;__Lib_Math.c,237 :: 		
0x0084	0x1803      	BTFSC      STATUS, 0
;__Lib_Math.c,238 :: 		
0x0085	0x288D      	GOTO       $+8
;__Lib_Math.c,239 :: 		
0x0086	0x0874      	MOVF       R4, 0
;__Lib_Math.c,240 :: 		
0x0087	0x07F8      	ADDWF      R8, 1
;__Lib_Math.c,241 :: 		
0x0088	0x0875      	MOVF       R5, 0
;__Lib_Math.c,242 :: 		
0x0089	0x1803      	BTFSC      STATUS, 0
;__Lib_Math.c,243 :: 		
0x008A	0x0F75      	INCFSZ     R5, 0
;__Lib_Math.c,244 :: 		
0x008B	0x07F9      	ADDWF      R9, 1
;__Lib_Math.c,245 :: 		
0x008C	0x1003      	BCF        STATUS, 0
;__Lib_Math.c,246 :: 		
0x008D	0x0DF0      	RLF        R0, 1
;__Lib_Math.c,247 :: 		
0x008E	0x0DF1      	RLF        R1, 1
;__Lib_Math.c,248 :: 		
0x008F	0x0BFC      	DECFSZ     R12, 1
;__Lib_Math.c,249 :: 		
0x0090	0x287B      	GOTO       $-21
;__Lib_Math.c,251 :: 		
L_end_Div_16X16_U:
0x0091	0x0008      	RETURN
; end of _Div_16X16_U
_Lcd_Chr_CP:
;__Lib_Lcd.c,50 :: 		
;__Lib_Lcd.c,52 :: 		
0x0092	0x1283      	BCF        STATUS, 5
0x0093	0x1303      	BCF        STATUS, 6
0x0094	0x102C      	BCF        __Lib_Lcd_cmd_status, BitPos(__Lib_Lcd_cmd_status+0)
;__Lib_Lcd.c,53 :: 		
0x0095	0x0858      	MOVF       FARG_Lcd_Chr_CP_out_char, 0
0x0096	0x00DD      	MOVWF      FARG_Lcd_Cmd_out_char
0x0097	0x2035      	CALL       _Lcd_Cmd
;__Lib_Lcd.c,54 :: 		
0x0098	0x142C      	BSF        __Lib_Lcd_cmd_status, BitPos(__Lib_Lcd_cmd_status+0)
;__Lib_Lcd.c,55 :: 		
L_end_Lcd_Chr_CP:
0x0099	0x0008      	RETURN
; end of _Lcd_Chr_CP
_WordToStr:
;__Lib_Conversions.c,98 :: 		
;__Lib_Conversions.c,103 :: 		
0x009A	0x1283      	BCF        STATUS, 5
0x009B	0x1303      	BCF        STATUS, 6
0x009C	0x01DB      	CLRF       WordToStr_len_L0
L_WordToStr11:
0x009D	0x3005      	MOVLW      5
0x009E	0x025B      	SUBWF      WordToStr_len_L0, 0
0x009F	0x1803      	BTFSC      STATUS, 0
0x00A0	0x28A8      	GOTO       L_WordToStr12
;__Lib_Conversions.c,104 :: 		
0x00A1	0x085B      	MOVF       WordToStr_len_L0, 0
0x00A2	0x075A      	ADDWF      FARG_WordToStr_output, 0
0x00A3	0x0084      	MOVWF      FSR
0x00A4	0x3020      	MOVLW      32
0x00A5	0x0080      	MOVWF      INDF
;__Lib_Conversions.c,103 :: 		
0x00A6	0x0ADB      	INCF       WordToStr_len_L0, 1
;__Lib_Conversions.c,104 :: 		
0x00A7	0x289D      	GOTO       L_WordToStr11
L_WordToStr12:
;__Lib_Conversions.c,105 :: 		
0x00A8	0x085B      	MOVF       WordToStr_len_L0, 0
0x00A9	0x075A      	ADDWF      FARG_WordToStr_output, 0
0x00AA	0x0084      	MOVWF      FSR
0x00AB	0x0180      	CLRF       INDF
0x00AC	0x03DB      	DECF       WordToStr_len_L0, 1
;__Lib_Conversions.c,107 :: 		
L_WordToStr14:
;__Lib_Conversions.c,108 :: 		
0x00AD	0x085B      	MOVF       WordToStr_len_L0, 0
0x00AE	0x075A      	ADDWF      FARG_WordToStr_output, 0
0x00AF	0x00DC      	MOVWF      FLOC__WordToStr
0x00B0	0x300A      	MOVLW      10
0x00B1	0x00F4      	MOVWF      R4
0x00B2	0x01F5      	CLRF       R4+1
0x00B3	0x0858      	MOVF       FARG_WordToStr_input, 0
0x00B4	0x00F0      	MOVWF      R0
0x00B5	0x0859      	MOVF       FARG_WordToStr_input+1, 0
0x00B6	0x00F1      	MOVWF      R0+1
0x00B7	0x2075      	CALL       _Div_16X16_U
0x00B8	0x0878      	MOVF       R8, 0
0x00B9	0x00F0      	MOVWF      R0
0x00BA	0x0879      	MOVF       R8+1, 0
0x00BB	0x00F1      	MOVWF      R0+1
0x00BC	0x3030      	MOVLW      48
0x00BD	0x07F0      	ADDWF      R0, 1
0x00BE	0x085C      	MOVF       FLOC__WordToStr, 0
0x00BF	0x0084      	MOVWF      FSR
0x00C0	0x0870      	MOVF       R0, 0
0x00C1	0x0080      	MOVWF      INDF
;__Lib_Conversions.c,109 :: 		
0x00C2	0x300A      	MOVLW      10
0x00C3	0x00F4      	MOVWF      R4
0x00C4	0x01F5      	CLRF       R4+1
0x00C5	0x0858      	MOVF       FARG_WordToStr_input, 0
0x00C6	0x00F0      	MOVWF      R0
0x00C7	0x0859      	MOVF       FARG_WordToStr_input+1, 0
0x00C8	0x00F1      	MOVWF      R0+1
0x00C9	0x2075      	CALL       _Div_16X16_U
0x00CA	0x0870      	MOVF       R0, 0
0x00CB	0x00D8      	MOVWF      FARG_WordToStr_input
0x00CC	0x0871      	MOVF       R0+1, 0
0x00CD	0x00D9      	MOVWF      FARG_WordToStr_input+1
;__Lib_Conversions.c,110 :: 		
0x00CE	0x3000      	MOVLW      0
0x00CF	0x0671      	XORWF      R0+1, 0
0x00D0	0x1D03      	BTFSS      STATUS, 2
0x00D1	0x28D4      	GOTO       L__WordToStr159
0x00D2	0x3000      	MOVLW      0
0x00D3	0x0670      	XORWF      R0, 0
L__WordToStr159:
0x00D4	0x1D03      	BTFSS      STATUS, 2
0x00D5	0x28D7      	GOTO       L_WordToStr16
;__Lib_Conversions.c,111 :: 		
0x00D6	0x28D9      	GOTO       L_WordToStr15
L_WordToStr16:
;__Lib_Conversions.c,112 :: 		
0x00D7	0x03DB      	DECF       WordToStr_len_L0, 1
;__Lib_Conversions.c,113 :: 		
0x00D8	0x28AD      	GOTO       L_WordToStr14
L_WordToStr15:
;__Lib_Conversions.c,114 :: 		
L_end_WordToStr:
0x00D9	0x0008      	RETURN
; end of _WordToStr
_____DoICP:
;__Lib_System.c,6 :: 		
;__Lib_System.c,9 :: 		
0x00DA	0x1283      	BCF        STATUS, 5
0x00DB	0x1303      	BCF        STATUS, 6
0x00DC	0x0838      	MOVF       ___DoICPAddr+1, 0
0x00DD	0x008A      	MOVWF      PCLATH
;__Lib_System.c,10 :: 		
0x00DE	0x0837      	MOVF       ___DoICPAddr, 0
0x00DF	0x0082      	MOVWF      PCL
;__Lib_System.c,12 :: 		
L_end_____DoICP:
0x00E0	0x0008      	RETURN
; end of _____DoICP
_IntToStr:
;__Lib_Conversions.c,195 :: 		
;__Lib_Conversions.c,201 :: 		
0x00E1	0x1283      	BCF        STATUS, 5
0x00E2	0x1303      	BCF        STATUS, 6
0x00E3	0x01D4      	CLRF       IntToStr_negative_L0
0x00E4	0x01D5      	CLRF       IntToStr_negative_L0+1
;__Lib_Conversions.c,202 :: 		
0x00E5	0x084F      	MOVF       FARG_IntToStr_input, 0
0x00E6	0x00D6      	MOVWF      IntToStr_inword_L0
0x00E7	0x0850      	MOVF       FARG_IntToStr_input+1, 0
0x00E8	0x00D7      	MOVWF      IntToStr_inword_L0+1
;__Lib_Conversions.c,203 :: 		
0x00E9	0x3080      	MOVLW      128
0x00EA	0x0650      	XORWF      FARG_IntToStr_input+1, 0
0x00EB	0x00F0      	MOVWF      R0
0x00EC	0x3080      	MOVLW      128
0x00ED	0x0270      	SUBWF      R0, 0
0x00EE	0x1D03      	BTFSS      STATUS, 2
0x00EF	0x28F2      	GOTO       L__IntToStr167
0x00F0	0x3000      	MOVLW      0
0x00F1	0x024F      	SUBWF      FARG_IntToStr_input, 0
L__IntToStr167:
0x00F2	0x1803      	BTFSC      STATUS, 0
0x00F3	0x2900      	GOTO       L_IntToStr37
;__Lib_Conversions.c,204 :: 		
0x00F4	0x3001      	MOVLW      1
0x00F5	0x00D4      	MOVWF      IntToStr_negative_L0
0x00F6	0x3000      	MOVLW      0
0x00F7	0x00D5      	MOVWF      IntToStr_negative_L0+1
;__Lib_Conversions.c,205 :: 		
0x00F8	0x084F      	MOVF       FARG_IntToStr_input, 0
0x00F9	0x3C00      	SUBLW      0
0x00FA	0x00D6      	MOVWF      IntToStr_inword_L0
0x00FB	0x0850      	MOVF       FARG_IntToStr_input+1, 0
0x00FC	0x1C03      	BTFSS      STATUS, 0
0x00FD	0x3E01      	ADDLW      1
0x00FE	0x01D7      	CLRF       IntToStr_inword_L0+1
0x00FF	0x02D7      	SUBWF      IntToStr_inword_L0+1, 1
;__Lib_Conversions.c,206 :: 		
L_IntToStr37:
;__Lib_Conversions.c,207 :: 		
0x0100	0x0856      	MOVF       IntToStr_inword_L0, 0
0x0101	0x00D8      	MOVWF      FARG_WordToStr_input
0x0102	0x0857      	MOVF       IntToStr_inword_L0+1, 0
0x0103	0x00D9      	MOVWF      FARG_WordToStr_input+1
0x0104	0x0851      	MOVF       FARG_IntToStr_output, 0
0x0105	0x00DA      	MOVWF      FARG_WordToStr_output
0x0106	0x209A      	CALL       _WordToStr
;__Lib_Conversions.c,209 :: 		
0x0107	0x3006      	MOVLW      6
0x0108	0x00D2      	MOVWF      IntToStr_i_L0
0x0109	0x3000      	MOVLW      0
0x010A	0x00D3      	MOVWF      IntToStr_i_L0+1
;__Lib_Conversions.c,210 :: 		
L_IntToStr38:
0x010B	0x0853      	MOVF       IntToStr_i_L0+1, 0
0x010C	0x3C00      	SUBLW      0
0x010D	0x1D03      	BTFSS      STATUS, 2
0x010E	0x2911      	GOTO       L__IntToStr168
0x010F	0x0852      	MOVF       IntToStr_i_L0, 0
0x0110	0x3C00      	SUBLW      0
L__IntToStr168:
0x0111	0x1803      	BTFSC      STATUS, 0
0x0112	0x292C      	GOTO       L_IntToStr39
;__Lib_Conversions.c,211 :: 		
0x0113	0x0852      	MOVF       IntToStr_i_L0, 0
0x0114	0x0751      	ADDWF      FARG_IntToStr_output, 0
0x0115	0x00F2      	MOVWF      R2
0x0116	0x3001      	MOVLW      1
0x0117	0x0252      	SUBWF      IntToStr_i_L0, 0
0x0118	0x00F0      	MOVWF      R0
0x0119	0x3000      	MOVLW      0
0x011A	0x1C03      	BTFSS      STATUS, 0
0x011B	0x3E01      	ADDLW      1
0x011C	0x0253      	SUBWF      IntToStr_i_L0+1, 0
0x011D	0x00F1      	MOVWF      R0+1
0x011E	0x0870      	MOVF       R0, 0
0x011F	0x0751      	ADDWF      FARG_IntToStr_output, 0
0x0120	0x0084      	MOVWF      FSR
0x0121	0x0800      	MOVF       INDF, 0
0x0122	0x00F0      	MOVWF      R0
0x0123	0x0872      	MOVF       R2, 0
0x0124	0x0084      	MOVWF      FSR
0x0125	0x0870      	MOVF       R0, 0
0x0126	0x0080      	MOVWF      INDF
;__Lib_Conversions.c,212 :: 		
0x0127	0x3001      	MOVLW      1
0x0128	0x02D2      	SUBWF      IntToStr_i_L0, 1
0x0129	0x1C03      	BTFSS      STATUS, 0
0x012A	0x03D3      	DECF       IntToStr_i_L0+1, 1
;__Lib_Conversions.c,213 :: 		
0x012B	0x290B      	GOTO       L_IntToStr38
L_IntToStr39:
;__Lib_Conversions.c,214 :: 		
0x012C	0x0851      	MOVF       FARG_IntToStr_output, 0
0x012D	0x0084      	MOVWF      FSR
0x012E	0x3020      	MOVLW      32
0x012F	0x0080      	MOVWF      INDF
;__Lib_Conversions.c,215 :: 		
0x0130	0x0854      	MOVF       IntToStr_negative_L0, 0
0x0131	0x0455      	IORWF      IntToStr_negative_L0+1, 0
0x0132	0x1903      	BTFSC      STATUS, 2
0x0133	0x294A      	GOTO       L_IntToStr40
;__Lib_Conversions.c,216 :: 		
0x0134	0x01D2      	CLRF       IntToStr_i_L0
0x0135	0x01D3      	CLRF       IntToStr_i_L0+1
;__Lib_Conversions.c,217 :: 		
L_IntToStr41:
0x0136	0x0852      	MOVF       IntToStr_i_L0, 0
0x0137	0x0751      	ADDWF      FARG_IntToStr_output, 0
0x0138	0x0084      	MOVWF      FSR
0x0139	0x0800      	MOVF       INDF, 0
0x013A	0x3A20      	XORLW      32
0x013B	0x1D03      	BTFSS      STATUS, 2
0x013C	0x2941      	GOTO       L_IntToStr42
0x013D	0x0AD2      	INCF       IntToStr_i_L0, 1
0x013E	0x1903      	BTFSC      STATUS, 2
0x013F	0x0AD3      	INCF       IntToStr_i_L0+1, 1
0x0140	0x2936      	GOTO       L_IntToStr41
L_IntToStr42:
;__Lib_Conversions.c,218 :: 		
0x0141	0x3001      	MOVLW      1
0x0142	0x02D2      	SUBWF      IntToStr_i_L0, 1
0x0143	0x1C03      	BTFSS      STATUS, 0
0x0144	0x03D3      	DECF       IntToStr_i_L0+1, 1
;__Lib_Conversions.c,219 :: 		
0x0145	0x0852      	MOVF       IntToStr_i_L0, 0
0x0146	0x0751      	ADDWF      FARG_IntToStr_output, 0
0x0147	0x0084      	MOVWF      FSR
0x0148	0x302D      	MOVLW      45
0x0149	0x0080      	MOVWF      INDF
L_IntToStr40:
;__Lib_Conversions.c,220 :: 		
L_end_IntToStr:
0x014A	0x0008      	RETURN
; end of _IntToStr
_Lcd_Out:
;__Lib_Lcd.c,184 :: 		
;__Lib_Lcd.c,187 :: 		
0x014B	0x295D      	GOTO       L_Lcd_Out11
;__Lib_Lcd.c,188 :: 		
L_Lcd_Out13:
0x014C	0x3080      	MOVLW      128
0x014D	0x1283      	BCF        STATUS, 5
0x014E	0x1303      	BCF        STATUS, 6
0x014F	0x00CF      	MOVWF      FARG_Lcd_Out_row
0x0150	0x2970      	GOTO       L_Lcd_Out12
;__Lib_Lcd.c,189 :: 		
L_Lcd_Out14:
0x0151	0x30C0      	MOVLW      192
0x0152	0x00CF      	MOVWF      FARG_Lcd_Out_row
0x0153	0x2970      	GOTO       L_Lcd_Out12
;__Lib_Lcd.c,190 :: 		
L_Lcd_Out15:
0x0154	0x3094      	MOVLW      148
0x0155	0x00CF      	MOVWF      FARG_Lcd_Out_row
0x0156	0x2970      	GOTO       L_Lcd_Out12
;__Lib_Lcd.c,191 :: 		
L_Lcd_Out16:
0x0157	0x30D4      	MOVLW      212
0x0158	0x00CF      	MOVWF      FARG_Lcd_Out_row
0x0159	0x2970      	GOTO       L_Lcd_Out12
;__Lib_Lcd.c,192 :: 		
L_Lcd_Out17:
0x015A	0x3080      	MOVLW      128
0x015B	0x00CF      	MOVWF      FARG_Lcd_Out_row
;__Lib_Lcd.c,193 :: 		
0x015C	0x2970      	GOTO       L_Lcd_Out12
L_Lcd_Out11:
0x015D	0x1283      	BCF        STATUS, 5
0x015E	0x1303      	BCF        STATUS, 6
0x015F	0x084F      	MOVF       FARG_Lcd_Out_row, 0
0x0160	0x3A01      	XORLW      1
0x0161	0x1903      	BTFSC      STATUS, 2
0x0162	0x294C      	GOTO       L_Lcd_Out13
0x0163	0x084F      	MOVF       FARG_Lcd_Out_row, 0
0x0164	0x3A02      	XORLW      2
0x0165	0x1903      	BTFSC      STATUS, 2
0x0166	0x2951      	GOTO       L_Lcd_Out14
0x0167	0x084F      	MOVF       FARG_Lcd_Out_row, 0
0x0168	0x3A03      	XORLW      3
0x0169	0x1903      	BTFSC      STATUS, 2
0x016A	0x2954      	GOTO       L_Lcd_Out15
0x016B	0x084F      	MOVF       FARG_Lcd_Out_row, 0
0x016C	0x3A04      	XORLW      4
0x016D	0x1903      	BTFSC      STATUS, 2
0x016E	0x2957      	GOTO       L_Lcd_Out16
0x016F	0x295A      	GOTO       L_Lcd_Out17
L_Lcd_Out12:
;__Lib_Lcd.c,194 :: 		
0x0170	0x0350      	DECF       FARG_Lcd_Out_column, 0
0x0171	0x00F0      	MOVWF      R0
0x0172	0x084F      	MOVF       FARG_Lcd_Out_row, 0
0x0173	0x07F0      	ADDWF      R0, 1
0x0174	0x0870      	MOVF       R0, 0
0x0175	0x00CF      	MOVWF      FARG_Lcd_Out_row
;__Lib_Lcd.c,196 :: 		
0x0176	0x0870      	MOVF       R0, 0
0x0177	0x00DD      	MOVWF      FARG_Lcd_Cmd_out_char
0x0178	0x2035      	CALL       _Lcd_Cmd
;__Lib_Lcd.c,197 :: 		
0x0179	0x102C      	BCF        __Lib_Lcd_cmd_status, BitPos(__Lib_Lcd_cmd_status+0)
;__Lib_Lcd.c,198 :: 		
0x017A	0x01D2      	CLRF       Lcd_Out_i_L0
;__Lib_Lcd.c,199 :: 		
L_Lcd_Out18:
0x017B	0x0852      	MOVF       Lcd_Out_i_L0, 0
0x017C	0x0751      	ADDWF      FARG_Lcd_Out_text, 0
0x017D	0x0084      	MOVWF      FSR
0x017E	0x0800      	MOVF       INDF, 0
0x017F	0x1903      	BTFSC      STATUS, 2
0x0180	0x2989      	GOTO       L_Lcd_Out19
;__Lib_Lcd.c,200 :: 		
0x0181	0x0852      	MOVF       Lcd_Out_i_L0, 0
0x0182	0x0751      	ADDWF      FARG_Lcd_Out_text, 0
0x0183	0x0084      	MOVWF      FSR
0x0184	0x0800      	MOVF       INDF, 0
0x0185	0x00D8      	MOVWF      FARG_Lcd_Chr_CP_out_char
0x0186	0x2092      	CALL       _Lcd_Chr_CP
0x0187	0x0AD2      	INCF       Lcd_Out_i_L0, 1
0x0188	0x297B      	GOTO       L_Lcd_Out18
L_Lcd_Out19:
;__Lib_Lcd.c,201 :: 		
0x0189	0x142C      	BSF        __Lib_Lcd_cmd_status, BitPos(__Lib_Lcd_cmd_status+0)
;__Lib_Lcd.c,202 :: 		
L_end_Lcd_Out:
0x018A	0x0008      	RETURN
; end of _Lcd_Out
_Div_8X8_S:
;__Lib_Math.c,606 :: 		
;__Lib_Math.c,614 :: 		
0x018B	0x1283      	BCF        STATUS, 5
;__Lib_Math.c,615 :: 		
0x018C	0x1303      	BCF        STATUS, 6
;__Lib_Math.c,616 :: 		
0x018D	0x01FD      	CLRF       R13
;__Lib_Math.c,617 :: 		
0x018E	0x01F8      	CLRF       R8
;__Lib_Math.c,618 :: 		
0x018F	0x0870      	MOVF       R0, 0
;__Lib_Math.c,619 :: 		
0x0190	0x1903      	BTFSC      STATUS, 2
;__Lib_Math.c,620 :: 		
0x0191	0x3400      	RETLW      0
;__Lib_Math.c,621 :: 		
0x0192	0x0674      	XORWF      R4, 0
;__Lib_Math.c,622 :: 		
0x0193	0x00FA      	MOVWF      R10
;__Lib_Math.c,623 :: 		
0x0194	0x1BFA      	BTFSC      R10, 7
;__Lib_Math.c,624 :: 		
0x0195	0x09FD      	COMF       R13, 1
;__Lib_Math.c,625 :: 		
0x0196	0x01FB      	CLRF       R11
;__Lib_Math.c,626 :: 		
0x0197	0x1FF4      	BTFSS      R4, 7
;__Lib_Math.c,627 :: 		
0x0198	0x299B      	GOTO       $+3
;__Lib_Math.c,628 :: 		
0x0199	0x09F4      	COMF       R4, 1
;__Lib_Math.c,629 :: 		
0x019A	0x0AF4      	INCF       R4, 1
;__Lib_Math.c,630 :: 		
0x019B	0x1FF0      	BTFSS      R0, 7
;__Lib_Math.c,631 :: 		
0x019C	0x299F      	GOTO       $+3
;__Lib_Math.c,632 :: 		
0x019D	0x09F0      	COMF       R0, 1
;__Lib_Math.c,633 :: 		
0x019E	0x0AF0      	INCF       R0, 1
;__Lib_Math.c,634 :: 		
0x019F	0x0870      	MOVF       R0, 0
;__Lib_Math.c,635 :: 		
0x01A0	0x0474      	IORWF      R4, 0
;__Lib_Math.c,636 :: 		
0x01A1	0x00FA      	MOVWF      R10
;__Lib_Math.c,637 :: 		
0x01A2	0x1BFA      	BTFSC      R10, 7
;__Lib_Math.c,638 :: 		
0x01A3	0x29C3      	GOTO       $+32
;__Lib_Math.c,639 :: 		
0x01A4	0x0874      	MOVF       R4, 0
;__Lib_Math.c,640 :: 		
0x01A5	0x02F8      	SUBWF      R8, 1
;__Lib_Math.c,641 :: 		
0x01A6	0x0DF0      	RLF        R0, 1
;__Lib_Math.c,642 :: 		
0x01A7	0x0D70      	RLF        R0, 0
;__Lib_Math.c,643 :: 		
0x01A8	0x0DF8      	RLF        R8, 1
;__Lib_Math.c,644 :: 		
0x01A9	0x0874      	MOVF       R4, 0
;__Lib_Math.c,645 :: 		
0x01AA	0x07F8      	ADDWF      R8, 1
;__Lib_Math.c,646 :: 		
0x01AB	0x0DF0      	RLF        R0, 1
;__Lib_Math.c,647 :: 		
0x01AC	0x3006      	MOVLW      6
;__Lib_Math.c,648 :: 		
0x01AD	0x00FC      	MOVWF      R12
;__Lib_Math.c,649 :: 		
0x01AE	0x0D70      	RLF        R0, 0
;__Lib_Math.c,650 :: 		
0x01AF	0x0DF8      	RLF        R8, 1
;__Lib_Math.c,651 :: 		
0x01B0	0x0874      	MOVF       R4, 0
;__Lib_Math.c,652 :: 		
0x01B1	0x1870      	BTFSC      R0, 0
;__Lib_Math.c,653 :: 		
0x01B2	0x02F8      	SUBWF      R8, 1
;__Lib_Math.c,654 :: 		
0x01B3	0x1C70      	BTFSS      R0, 0
;__Lib_Math.c,655 :: 		
0x01B4	0x07F8      	ADDWF      R8, 1
;__Lib_Math.c,656 :: 		
0x01B5	0x0DF0      	RLF        R0, 1
;__Lib_Math.c,657 :: 		
0x01B6	0x0BFC      	DECFSZ     R12, 1
;__Lib_Math.c,658 :: 		
0x01B7	0x29AE      	GOTO       $-9
;__Lib_Math.c,659 :: 		
0x01B8	0x1C70      	BTFSS      R0, 0
;__Lib_Math.c,660 :: 		
0x01B9	0x07F8      	ADDWF      R8, 1
;__Lib_Math.c,661 :: 		
0x01BA	0x187B      	BTFSC      R11, 0
;__Lib_Math.c,662 :: 		
0x01BB	0x29D1      	GOTO       $+22
;__Lib_Math.c,663 :: 		
0x01BC	0x1FFD      	BTFSS      R13, 7
;__Lib_Math.c,664 :: 		
0x01BD	0x3400      	RETLW      0
;__Lib_Math.c,665 :: 		
0x01BE	0x09F0      	COMF       R0, 1
;__Lib_Math.c,666 :: 		
0x01BF	0x0AF0      	INCF       R0, 1
;__Lib_Math.c,667 :: 		
0x01C0	0x09F8      	COMF       R8, 1
;__Lib_Math.c,668 :: 		
0x01C1	0x0AF8      	INCF       R8, 1
;__Lib_Math.c,669 :: 		
0x01C2	0x3400      	RETLW      0
;__Lib_Math.c,670 :: 		
0x01C3	0x1FF4      	BTFSS      R4, 7
;__Lib_Math.c,671 :: 		
0x01C4	0x29CE      	GOTO       $+10
;__Lib_Math.c,672 :: 		
0x01C5	0x1BF0      	BTFSC      R0, 7
;__Lib_Math.c,673 :: 		
0x01C6	0x29CB      	GOTO       $+5
;__Lib_Math.c,674 :: 		
0x01C7	0x0870      	MOVF       R0, 0
;__Lib_Math.c,675 :: 		
0x01C8	0x00F8      	MOVWF      R8
;__Lib_Math.c,676 :: 		
0x01C9	0x01F0      	CLRF       R0
;__Lib_Math.c,677 :: 		
0x01CA	0x29BC      	GOTO       $-14
;__Lib_Math.c,678 :: 		
0x01CB	0x01F0      	CLRF       R0
;__Lib_Math.c,679 :: 		
0x01CC	0x0AF0      	INCF       R0, 1
;__Lib_Math.c,680 :: 		
0x01CD	0x3400      	RETLW      0
;__Lib_Math.c,681 :: 		
0x01CE	0x09F0      	COMF       R0, 1
;__Lib_Math.c,682 :: 		
0x01CF	0x0AFB      	INCF       R11, 1
;__Lib_Math.c,683 :: 		
0x01D0	0x29A4      	GOTO       $-44
;__Lib_Math.c,684 :: 		
0x01D1	0x0AF8      	INCF       R8, 1
;__Lib_Math.c,685 :: 		
0x01D2	0x0874      	MOVF       R4, 0
;__Lib_Math.c,686 :: 		
0x01D3	0x0278      	SUBWF      R8, 0
;__Lib_Math.c,687 :: 		
0x01D4	0x1D03      	BTFSS      STATUS, 2
;__Lib_Math.c,688 :: 		
0x01D5	0x29BC      	GOTO       $-25
;__Lib_Math.c,689 :: 		
0x01D6	0x01F8      	CLRF       R8
;__Lib_Math.c,690 :: 		
0x01D7	0x0AF0      	INCF       R0, 1
;__Lib_Math.c,691 :: 		
0x01D8	0x1FF0      	BTFSS      R0, 7
;__Lib_Math.c,692 :: 		
0x01D9	0x29BC      	GOTO       $-29
;__Lib_Math.c,693 :: 		
0x01DA	0x34FF      	RETLW      255
;__Lib_Math.c,695 :: 		
L_end_Div_8X8_S:
0x01DB	0x0008      	RETURN
; end of _Div_8X8_S
_Lcd_Init:
;__Lib_Lcd.c,84 :: 		
;__Lib_Lcd.c,86 :: 		
0x01DC	0x1683      	BSF        STATUS, 5
0x01DD	0x1303      	BCF        STATUS, 6
0x01DE	0x1285      	BCF        LCD_EN_Direction, BitPos(LCD_EN_Direction+0)
;__Lib_Lcd.c,87 :: 		
0x01DF	0x1205      	BCF        LCD_RS_Direction, BitPos(LCD_RS_Direction+0)
;__Lib_Lcd.c,88 :: 		
0x01E0	0x1005      	BCF        LCD_D4_Direction, BitPos(LCD_D4_Direction+0)
;__Lib_Lcd.c,89 :: 		
0x01E1	0x1085      	BCF        LCD_D5_Direction, BitPos(LCD_D5_Direction+0)
;__Lib_Lcd.c,90 :: 		
0x01E2	0x1105      	BCF        LCD_D6_Direction, BitPos(LCD_D6_Direction+0)
;__Lib_Lcd.c,91 :: 		
0x01E3	0x1185      	BCF        LCD_D7_Direction, BitPos(LCD_D7_Direction+0)
;__Lib_Lcd.c,93 :: 		
0x01E4	0x1283      	BCF        STATUS, 5
0x01E5	0x1285      	BCF        LCD_EN, BitPos(LCD_EN+0)
;__Lib_Lcd.c,94 :: 		
0x01E6	0x1205      	BCF        LCD_RS, BitPos(LCD_RS+0)
;__Lib_Lcd.c,95 :: 		
0x01E7	0x1185      	BCF        LCD_D7, BitPos(LCD_D7+0)
;__Lib_Lcd.c,96 :: 		
0x01E8	0x1105      	BCF        LCD_D6, BitPos(LCD_D6+0)
;__Lib_Lcd.c,97 :: 		
0x01E9	0x1085      	BCF        LCD_D5, BitPos(LCD_D5+0)
;__Lib_Lcd.c,98 :: 		
0x01EA	0x1005      	BCF        LCD_D4, BitPos(LCD_D4+0)
;__Lib_Lcd.c,100 :: 		
0x01EB	0x2021      	CALL       _Delay_5500us
;__Lib_Lcd.c,101 :: 		
0x01EC	0x2021      	CALL       _Delay_5500us
;__Lib_Lcd.c,102 :: 		
0x01ED	0x2021      	CALL       _Delay_5500us
;__Lib_Lcd.c,105 :: 		
0x01EE	0x1485      	BSF        LCD_D5, BitPos(LCD_D5+0)
;__Lib_Lcd.c,106 :: 		
0x01EF	0x1405      	BSF        LCD_D4, BitPos(LCD_D4+0)
;__Lib_Lcd.c,107 :: 		
0x01F0	0x1685      	BSF        LCD_EN, BitPos(LCD_EN+0)
;__Lib_Lcd.c,108 :: 		
0x01F1	0x201E      	CALL       _Delay_1us
;__Lib_Lcd.c,109 :: 		
0x01F2	0x1285      	BCF        LCD_EN, BitPos(LCD_EN+0)
;__Lib_Lcd.c,110 :: 		
0x01F3	0x2021      	CALL       _Delay_5500us
;__Lib_Lcd.c,112 :: 		
0x01F4	0x1685      	BSF        LCD_EN, BitPos(LCD_EN+0)
;__Lib_Lcd.c,113 :: 		
0x01F5	0x201E      	CALL       _Delay_1us
;__Lib_Lcd.c,114 :: 		
0x01F6	0x1285      	BCF        LCD_EN, BitPos(LCD_EN+0)
;__Lib_Lcd.c,115 :: 		
0x01F7	0x2021      	CALL       _Delay_5500us
;__Lib_Lcd.c,117 :: 		
0x01F8	0x1685      	BSF        LCD_EN, BitPos(LCD_EN+0)
;__Lib_Lcd.c,118 :: 		
0x01F9	0x201E      	CALL       _Delay_1us
;__Lib_Lcd.c,119 :: 		
0x01FA	0x1285      	BCF        LCD_EN, BitPos(LCD_EN+0)
;__Lib_Lcd.c,120 :: 		
0x01FB	0x2021      	CALL       _Delay_5500us
;__Lib_Lcd.c,123 :: 		
0x01FC	0x1005      	BCF        LCD_D4, BitPos(LCD_D4+0)
;__Lib_Lcd.c,124 :: 		
0x01FD	0x1685      	BSF        LCD_EN, BitPos(LCD_EN+0)
;__Lib_Lcd.c,125 :: 		
0x01FE	0x201E      	CALL       _Delay_1us
;__Lib_Lcd.c,126 :: 		
0x01FF	0x1285      	BCF        LCD_EN, BitPos(LCD_EN+0)
;__Lib_Lcd.c,127 :: 		
0x0200	0x2021      	CALL       _Delay_5500us
;__Lib_Lcd.c,130 :: 		
0x0201	0x1685      	BSF        LCD_EN, BitPos(LCD_EN+0)
;__Lib_Lcd.c,131 :: 		
0x0202	0x201E      	CALL       _Delay_1us
;__Lib_Lcd.c,132 :: 		
0x0203	0x1285      	BCF        LCD_EN, BitPos(LCD_EN+0)
;__Lib_Lcd.c,134 :: 		
0x0204	0x1085      	BCF        LCD_D5, BitPos(LCD_D5+0)
;__Lib_Lcd.c,135 :: 		
0x0205	0x1585      	BSF        LCD_D7, BitPos(LCD_D7+0)
;__Lib_Lcd.c,136 :: 		
0x0206	0x1685      	BSF        LCD_EN, BitPos(LCD_EN+0)
;__Lib_Lcd.c,137 :: 		
0x0207	0x201E      	CALL       _Delay_1us
;__Lib_Lcd.c,138 :: 		
0x0208	0x1285      	BCF        LCD_EN, BitPos(LCD_EN+0)
;__Lib_Lcd.c,139 :: 		
0x0209	0x2021      	CALL       _Delay_5500us
;__Lib_Lcd.c,142 :: 		
0x020A	0x1185      	BCF        LCD_D7, BitPos(LCD_D7+0)
;__Lib_Lcd.c,143 :: 		
0x020B	0x1405      	BSF        LCD_D4, BitPos(LCD_D4+0)
;__Lib_Lcd.c,144 :: 		
0x020C	0x1685      	BSF        LCD_EN, BitPos(LCD_EN+0)
;__Lib_Lcd.c,145 :: 		
0x020D	0x201E      	CALL       _Delay_1us
;__Lib_Lcd.c,146 :: 		
0x020E	0x1285      	BCF        LCD_EN, BitPos(LCD_EN+0)
;__Lib_Lcd.c,148 :: 		
0x020F	0x1005      	BCF        LCD_D4, BitPos(LCD_D4+0)
;__Lib_Lcd.c,149 :: 		
0x0210	0x1685      	BSF        LCD_EN, BitPos(LCD_EN+0)
;__Lib_Lcd.c,150 :: 		
0x0211	0x201E      	CALL       _Delay_1us
;__Lib_Lcd.c,151 :: 		
0x0212	0x1285      	BCF        LCD_EN, BitPos(LCD_EN+0)
;__Lib_Lcd.c,152 :: 		
0x0213	0x2021      	CALL       _Delay_5500us
;__Lib_Lcd.c,155 :: 		
0x0214	0x1685      	BSF        LCD_EN, BitPos(LCD_EN+0)
;__Lib_Lcd.c,156 :: 		
0x0215	0x201E      	CALL       _Delay_1us
;__Lib_Lcd.c,157 :: 		
0x0216	0x1285      	BCF        LCD_EN, BitPos(LCD_EN+0)
;__Lib_Lcd.c,159 :: 		
0x0217	0x1405      	BSF        LCD_D4, BitPos(LCD_D4+0)
;__Lib_Lcd.c,160 :: 		
0x0218	0x1685      	BSF        LCD_EN, BitPos(LCD_EN+0)
;__Lib_Lcd.c,161 :: 		
0x0219	0x201E      	CALL       _Delay_1us
;__Lib_Lcd.c,162 :: 		
0x021A	0x1285      	BCF        LCD_EN, BitPos(LCD_EN+0)
;__Lib_Lcd.c,163 :: 		
0x021B	0x2021      	CALL       _Delay_5500us
;__Lib_Lcd.c,166 :: 		
0x021C	0x1005      	BCF        LCD_D4, BitPos(LCD_D4+0)
;__Lib_Lcd.c,167 :: 		
0x021D	0x1685      	BSF        LCD_EN, BitPos(LCD_EN+0)
;__Lib_Lcd.c,168 :: 		
0x021E	0x201E      	CALL       _Delay_1us
;__Lib_Lcd.c,169 :: 		
0x021F	0x1285      	BCF        LCD_EN, BitPos(LCD_EN+0)
;__Lib_Lcd.c,171 :: 		
0x0220	0x1585      	BSF        LCD_D7, BitPos(LCD_D7+0)
;__Lib_Lcd.c,172 :: 		
0x0221	0x1505      	BSF        LCD_D6, BitPos(LCD_D6+0)
;__Lib_Lcd.c,173 :: 		
0x0222	0x1485      	BSF        LCD_D5, BitPos(LCD_D5+0)
;__Lib_Lcd.c,174 :: 		
0x0223	0x1405      	BSF        LCD_D4, BitPos(LCD_D4+0)
;__Lib_Lcd.c,175 :: 		
0x0224	0x1685      	BSF        LCD_EN, BitPos(LCD_EN+0)
;__Lib_Lcd.c,176 :: 		
0x0225	0x201E      	CALL       _Delay_1us
;__Lib_Lcd.c,177 :: 		
0x0226	0x1285      	BCF        LCD_EN, BitPos(LCD_EN+0)
;__Lib_Lcd.c,179 :: 		
0x0227	0x2021      	CALL       _Delay_5500us
;__Lib_Lcd.c,181 :: 		
0x0228	0x142C      	BSF        __Lib_Lcd_cmd_status, BitPos(__Lib_Lcd_cmd_status+0)
;__Lib_Lcd.c,182 :: 		
L_end_Lcd_Init:
0x0229	0x0008      	RETURN
; end of _Lcd_Init
___CC2DW:
;__Lib_System.c,134 :: 		
;__Lib_System.c,137 :: 		
_CC2D_Loop1:
;__Lib_System.c,139 :: 		
0x022A	0x20DA      	CALL       _____DoICP
0x022B	0x118A      	BCF        PCLATH, 3
0x022C	0x120A      	BCF        PCLATH, 4
;__Lib_System.c,141 :: 		
0x022D	0x0080      	MOVWF      INDF
;__Lib_System.c,142 :: 		
0x022E	0x0A84      	INCF       FSR, 1
;__Lib_System.c,143 :: 		
0x022F	0x0AB7      	INCF       ___DoICPAddr, 1
;__Lib_System.c,145 :: 		
0x0230	0x1903      	BTFSC      STATUS, 2
;__Lib_System.c,146 :: 		
0x0231	0x0AB8      	INCF       ___DoICPAddr+1, 1
;__Lib_System.c,147 :: 		
0x0232	0x03F0      	DECF       R0, 1
;__Lib_System.c,149 :: 		
0x0233	0x1D03      	BTFSS      STATUS, 2
;__Lib_System.c,150 :: 		
0x0234	0x2A2A      	GOTO       _CC2D_Loop1
;__Lib_System.c,152 :: 		
L_end___CC2DW:
0x0235	0x0008      	RETURN
; end of ___CC2DW
_strcpy:
;__Lib_CString.c,126 :: 		
;__Lib_CString.c,129 :: 		
0x0236	0x1283      	BCF        STATUS, 5
0x0237	0x1303      	BCF        STATUS, 6
0x0238	0x084F      	MOVF       FARG_strcpy_to, 0
0x0239	0x00F2      	MOVWF      R2
;__Lib_CString.c,130 :: 		
L_strcpy34:
0x023A	0x0872      	MOVF       R2, 0
0x023B	0x00F1      	MOVWF      R1
0x023C	0x0AF2      	INCF       R2, 1
0x023D	0x0850      	MOVF       FARG_strcpy_from, 0
0x023E	0x00F0      	MOVWF      R0
0x023F	0x0AD0      	INCF       FARG_strcpy_from, 1
0x0240	0x0870      	MOVF       R0, 0
0x0241	0x0084      	MOVWF      FSR
0x0242	0x0800      	MOVF       INDF, 0
0x0243	0x00F0      	MOVWF      R0
0x0244	0x0871      	MOVF       R1, 0
0x0245	0x0084      	MOVWF      FSR
0x0246	0x0870      	MOVF       R0, 0
0x0247	0x0080      	MOVWF      INDF
0x0248	0x0871      	MOVF       R1, 0
0x0249	0x0084      	MOVWF      FSR
0x024A	0x0800      	MOVF       INDF, 0
0x024B	0x1903      	BTFSC      STATUS, 2
0x024C	0x2A4E      	GOTO       L_strcpy35
;__Lib_CString.c,131 :: 		
0x024D	0x2A3A      	GOTO       L_strcpy34
L_strcpy35:
;__Lib_CString.c,132 :: 		
0x024E	0x084F      	MOVF       FARG_strcpy_to, 0
0x024F	0x00F0      	MOVWF      R0
;__Lib_CString.c,133 :: 		
L_end_strcpy:
0x0250	0x0008      	RETURN
; end of _strcpy
_main:
0x0251	0x1283      	BCF        STATUS, 5
0x0252	0x1303      	BCF        STATUS, 6
0x0253	0x01A0      	CLRF       _counter
0x0254	0x01A1      	CLRF       33
0x0255	0x304D      	MOVLW      77
0x0256	0x00A2      	MOVWF      ?lstr1_Lab2
0x0257	0x3061      	MOVLW      97
0x0258	0x00A3      	MOVWF      35
0x0259	0x3072      	MOVLW      114
0x025A	0x00A4      	MOVWF      36
0x025B	0x3074      	MOVLW      116
0x025C	0x00A5      	MOVWF      37
0x025D	0x3069      	MOVLW      105
0x025E	0x00A6      	MOVWF      38
0x025F	0x306E      	MOVLW      110
0x0260	0x00A7      	MOVWF      39
0x0261	0x01A8      	CLRF       40
0x0262	0x01A9      	CLRF       _cnt
0x0263	0x01AA      	CLRF       42
0x0264	0x01AB      	CLRF       _ifClicked
;Lab2.c,38 :: 		void main() {
;Lab2.c,40 :: 		OPTION_REG = 0x03; // 011
0x0265	0x3003      	MOVLW      3
0x0266	0x1683      	BSF        STATUS, 5
0x0267	0x0081      	MOVWF      OPTION_REG
;Lab2.c,42 :: 		ANSEL = 0;
0x0268	0x1703      	BSF        STATUS, 6
0x0269	0x0188      	CLRF       ANSEL
;Lab2.c,43 :: 		ANSELH = 0;
0x026A	0x0189      	CLRF       ANSELH
;Lab2.c,45 :: 		PORTB = 0x00;
0x026B	0x1283      	BCF        STATUS, 5
0x026C	0x1303      	BCF        STATUS, 6
0x026D	0x0186      	CLRF       PORTB
;Lab2.c,46 :: 		TRISB = 0x01;
0x026E	0x3001      	MOVLW      1
0x026F	0x1683      	BSF        STATUS, 5
0x0270	0x0086      	MOVWF      TRISB
;Lab2.c,48 :: 		INTCON = 0b10110000;
0x0271	0x30B0      	MOVLW      176
0x0272	0x008B      	MOVWF      INTCON
;Lab2.c,49 :: 		TMR0 = 96;
0x0273	0x3060      	MOVLW      96
0x0274	0x1283      	BCF        STATUS, 5
0x0275	0x0081      	MOVWF      TMR0
;Lab2.c,51 :: 		while(ifClicked == 0 ) {
L_main2:
0x0276	0x082B      	MOVF       _ifClicked, 0
0x0277	0x3A00      	XORLW      0
0x0278	0x1D03      	BTFSS      STATUS, 2
0x0279	0x2A7B      	GOTO       L_main3
;Lab2.c,52 :: 		}
0x027A	0x2A76      	GOTO       L_main2
L_main3:
;Lab2.c,53 :: 		ifClicked --;
0x027B	0x03AB      	DECF       _ifClicked, 1
;Lab2.c,55 :: 		Lcd_Init();
0x027C	0x21DC      	CALL       _Lcd_Init
;Lab2.c,56 :: 		Lcd_Cmd(_LCD_CURSOR_OFF);
0x027D	0x300C      	MOVLW      12
0x027E	0x00DD      	MOVWF      FARG_Lcd_Cmd_out_char
0x027F	0x2035      	CALL       _Lcd_Cmd
;Lab2.c,57 :: 		Lcd_Cmd(_LCD_CLEAR);
0x0280	0x3001      	MOVLW      1
0x0281	0x00DD      	MOVWF      FARG_Lcd_Cmd_out_char
0x0282	0x2035      	CALL       _Lcd_Cmd
;Lab2.c,59 :: 		strcpy(name, "Martin");
0x0283	0x3039      	MOVLW      _name
0x0284	0x00CF      	MOVWF      FARG_strcpy_to
0x0285	0x3022      	MOVLW      ?lstr1_Lab2
0x0286	0x00D0      	MOVWF      FARG_strcpy_from
0x0287	0x2236      	CALL       _strcpy
;Lab2.c,61 :: 		while(1){
L_main4:
;Lab2.c,63 :: 		if(ifClicked % 2 == 0){
0x0288	0x3002      	MOVLW      2
0x0289	0x00F4      	MOVWF      R4
0x028A	0x082B      	MOVF       _ifClicked, 0
0x028B	0x00F0      	MOVWF      R0
0x028C	0x218B      	CALL       _Div_8X8_S
0x028D	0x0878      	MOVF       R8, 0
0x028E	0x00F0      	MOVWF      R0
0x028F	0x0870      	MOVF       R0, 0
0x0290	0x3A00      	XORLW      0
0x0291	0x1D03      	BTFSS      STATUS, 2
0x0292	0x2A9B      	GOTO       L_main6
;Lab2.c,64 :: 		Lcd_Out(1,11,name);
0x0293	0x3001      	MOVLW      1
0x0294	0x00CF      	MOVWF      FARG_Lcd_Out_row
0x0295	0x300B      	MOVLW      11
0x0296	0x00D0      	MOVWF      FARG_Lcd_Out_column
0x0297	0x3039      	MOVLW      _name
0x0298	0x00D1      	MOVWF      FARG_Lcd_Out_text
0x0299	0x214B      	CALL       _Lcd_Out
;Lab2.c,65 :: 		}
0x029A	0x2AD4      	GOTO       L_main7
L_main6:
;Lab2.c,67 :: 		else if(ifClicked % 2 == 1){
0x029B	0x3002      	MOVLW      2
0x029C	0x00F4      	MOVWF      R4
0x029D	0x082B      	MOVF       _ifClicked, 0
0x029E	0x00F0      	MOVWF      R0
0x029F	0x218B      	CALL       _Div_8X8_S
0x02A0	0x0878      	MOVF       R8, 0
0x02A1	0x00F0      	MOVWF      R0
0x02A2	0x0870      	MOVF       R0, 0
0x02A3	0x3A01      	XORLW      1
0x02A4	0x1D03      	BTFSS      STATUS, 2
0x02A5	0x2AD4      	GOTO       L_main8
;Lab2.c,68 :: 		counter = 0;
0x02A6	0x01A0      	CLRF       _counter
0x02A7	0x01A1      	CLRF       _counter+1
;Lab2.c,69 :: 		while(ifClicked %2 == 1){
L_main9:
0x02A8	0x3002      	MOVLW      2
0x02A9	0x00F4      	MOVWF      R4
0x02AA	0x082B      	MOVF       _ifClicked, 0
0x02AB	0x00F0      	MOVWF      R0
0x02AC	0x218B      	CALL       _Div_8X8_S
0x02AD	0x0878      	MOVF       R8, 0
0x02AE	0x00F0      	MOVWF      R0
0x02AF	0x0870      	MOVF       R0, 0
0x02B0	0x3A01      	XORLW      1
0x02B1	0x1D03      	BTFSS      STATUS, 2
0x02B2	0x2AD4      	GOTO       L_main10
;Lab2.c,70 :: 		if(cnt >= 26){
0x02B3	0x3000      	MOVLW      0
0x02B4	0x022A      	SUBWF      _cnt+1, 0
0x02B5	0x1D03      	BTFSS      STATUS, 2
0x02B6	0x2AB9      	GOTO       L__main15
0x02B7	0x301A      	MOVLW      26
0x02B8	0x0229      	SUBWF      _cnt, 0
L__main15:
0x02B9	0x1C03      	BTFSS      STATUS, 0
0x02BA	0x2AD3      	GOTO       L_main11
;Lab2.c,71 :: 		Lcd_Cmd(_LCD_CLEAR);
0x02BB	0x3001      	MOVLW      1
0x02BC	0x00DD      	MOVWF      FARG_Lcd_Cmd_out_char
0x02BD	0x2035      	CALL       _Lcd_Cmd
;Lab2.c,72 :: 		IntToStr(counter, broj);
0x02BE	0x0820      	MOVF       _counter, 0
0x02BF	0x00CF      	MOVWF      FARG_IntToStr_input
0x02C0	0x0821      	MOVF       _counter+1, 0
0x02C1	0x00D0      	MOVWF      FARG_IntToStr_input+1
0x02C2	0x302D      	MOVLW      _broj
0x02C3	0x00D1      	MOVWF      FARG_IntToStr_output
0x02C4	0x20E1      	CALL       _IntToStr
;Lab2.c,73 :: 		Lcd_Out(1,1,broj);
0x02C5	0x3001      	MOVLW      1
0x02C6	0x00CF      	MOVWF      FARG_Lcd_Out_row
0x02C7	0x3001      	MOVLW      1
0x02C8	0x00D0      	MOVWF      FARG_Lcd_Out_column
0x02C9	0x302D      	MOVLW      _broj
0x02CA	0x00D1      	MOVWF      FARG_Lcd_Out_text
0x02CB	0x214B      	CALL       _Lcd_Out
;Lab2.c,75 :: 		counter += 5;
0x02CC	0x3005      	MOVLW      5
0x02CD	0x07A0      	ADDWF      _counter, 1
0x02CE	0x1803      	BTFSC      STATUS, 0
0x02CF	0x0AA1      	INCF       _counter+1, 1
;Lab2.c,76 :: 		Lcd_Cmd(_LCD_CLEAR);
0x02D0	0x3001      	MOVLW      1
0x02D1	0x00DD      	MOVWF      FARG_Lcd_Cmd_out_char
0x02D2	0x2035      	CALL       _Lcd_Cmd
;Lab2.c,77 :: 		}
L_main11:
;Lab2.c,78 :: 		}
0x02D3	0x2AA8      	GOTO       L_main9
L_main10:
;Lab2.c,80 :: 		}
L_main8:
L_main7:
;Lab2.c,84 :: 		}
0x02D4	0x2A88      	GOTO       L_main4
;Lab2.c,88 :: 		}
L_end_main:
0x02D5	0x2AD5      	GOTO       $+0
; end of _main
Symbol List:
//** Routines locations **
//ADDRESS    SIZE    PROCEDURE
//----------------------------------------------
0x0004      [26]    _interrupt
0x001E       [3]    _Delay_1us
0x0021      [13]    _Delay_5500us
0x002E       [7]    _Delay_50us
0x0035      [64]    _Lcd_Cmd
0x0075      [29]    _Div_16X16_U
0x0092       [8]    _Lcd_Chr_CP
0x009A      [64]    _WordToStr
0x00DA       [7]    _____DoICP
0x00E1     [106]    _IntToStr
0x014B      [64]    _Lcd_Out
0x018B      [81]    _Div_8X8_S
0x01DC      [78]    _Lcd_Init
0x022A      [12]    ___CC2DW
0x0236      [27]    _strcpy
0x0251     [133]    _main
//** Variables locations ** 
//ADDRESS    SIZE    VARIABLE
//----------------------------------------------
0x0000       [1]    INDF
0x0001       [1]    TMR0
0x0002       [1]    PCL
0x0003       [1]    STATUS
0x0004       [1]    FSR
0x0005       [0]    RA1_bit
0x0005       [0]    LCD_D7
0x0005       [0]    RA0_bit
0x0005       [0]    LCD_D6
0x0005       [0]    RA4_bit
0x0005       [0]    LCD_EN
0x0005       [0]    RA3_bit
0x0005       [0]    LCD_RS
0x0005       [0]    LCD_D4
0x0005       [0]    LCD_D5
0x0005       [0]    RA2_bit
0x0005       [0]    RA5_bit
0x0006       [1]    PORTB
0x000A       [1]    PCLATH
0x000B       [0]    INTF_bit
0x000B       [0]    TMR0IF_bit
0x000B       [1]    INTCON
0x0020       [2]    _counter
0x0022       [7]    ?lstr1_Lab2
0x0029       [2]    _cnt
0x002B       [1]    _ifClicked
0x002C       [0]    __Lib_Lcd_cmd_status
0x002D      [10]    _broj
0x0037       [2]    ___DoICPAddr
0x0039      [20]    _name
0x004D       [1]    ___saveSTATUS
0x004E       [1]    ___savePCLATH
0x004F       [1]    FARG_strcpy_to
0x004F       [2]    FARG_IntToStr_input
0x004F       [1]    FARG_Lcd_Out_row
0x0050       [1]    FARG_strcpy_from
0x0050       [1]    FARG_Lcd_Out_column
0x0051       [1]    FARG_IntToStr_output
0x0051       [1]    FARG_Lcd_Out_text
0x0052       [2]    IntToStr_i_L0
0x0052       [1]    Lcd_Out_i_L0
0x0054       [2]    IntToStr_negative_L0
0x0056       [2]    IntToStr_inword_L0
0x0058       [2]    FARG_WordToStr_input
0x0058       [1]    FARG_Lcd_Chr_CP_out_char
0x005A       [1]    FARG_WordToStr_output
0x005B       [1]    WordToStr_len_L0
0x005C       [1]    FLOC__WordToStr
0x005D       [1]    FARG_Lcd_Cmd_out_char
0x0070       [1]    R0
0x0071       [1]    R1
0x0072       [1]    R2
0x0073       [1]    R3
0x0074       [1]    R4
0x0075       [1]    R5
0x0076       [1]    R6
0x0077       [1]    R7
0x0078       [1]    R8
0x0079       [1]    R9
0x007A       [1]    R10
0x007B       [1]    R11
0x007C       [1]    R12
0x007D       [1]    R13
0x007E       [1]    R14
0x007F       [1]    R15
0x0081       [1]    OPTION_REG
0x0085       [0]    TRISA4_bit
0x0085       [0]    LCD_RS_Direction
0x0085       [0]    LCD_EN_Direction
0x0085       [0]    LCD_D6_Direction
0x0085       [0]    LCD_D5_Direction
0x0085       [0]    TRISA1_bit
0x0085       [0]    TRISA5_bit
0x0085       [0]    TRISA2_bit
0x0085       [0]    TRISA3_bit
0x0085       [0]    TRISA0_bit
0x0085       [0]    LCD_D7_Direction
0x0085       [0]    LCD_D4_Direction
0x0086       [1]    TRISB
0x0188       [1]    ANSEL
0x0189       [1]    ANSELH
